
üöÄ Áå´ËØæÁîµÂïÜÁÆ°ÁêÜËêΩÂú∞Áè≠Ê†∏ÂøÉÂ∑•ÂÖ∑
üìç ËÆøÈóÆÂú∞ÂùÄ: http://localhost:5009
üìä Ê®°ÂùóÊï∞Èáè: 6
ü§ñ ÈªòËÆ§Ê®°Âûã: gemini-3-flash-preview

 * Serving Flask app 'app'
 * Debug mode: off
Address already in use
Port 5009 is in use by another program. Either identify and stop that program, or start the server with a different port.
2026-01-04 14:52:50,208 [INFO] httpx: HTTP Request: GET https://uitkbrmndylhgbbcjykd.supabase.co/rest/v1/modules?select=%2A&id=eq.kpi "HTTP/2 200 OK"
2026-01-04 14:52:50,313 [INFO] httpx: HTTP Request: GET https://uitkbrmndylhgbbcjykd.supabase.co/rest/v1/modules?select=%2A&order=sort_order "HTTP/2 200 OK"
2026-01-04 14:55:20,956 [INFO] httpx: HTTP Request: GET https://uitkbrmndylhgbbcjykd.supabase.co/rest/v1/modules?select=%2A&id=eq.kpi "HTTP/2 200 OK"
2026-01-04 14:55:21,120 [INFO] httpx: HTTP Request: GET https://uitkbrmndylhgbbcjykd.supabase.co/rest/v1/modules?select=%2A&order=sort_order "HTTP/2 200 OK"
2026-01-04 14:55:46,386 [INFO] httpx: HTTP Request: GET https://uitkbrmndylhgbbcjykd.supabase.co/rest/v1/modules?select=%2A&id=eq.kpi "HTTP/2 200 OK"
2026-01-04 14:55:46,518 [INFO] httpx: HTTP Request: GET https://uitkbrmndylhgbbcjykd.supabase.co/rest/v1/modules?select=%2A&order=sort_order "HTTP/2 200 OK"
2026-01-04 14:55:47,028 [INFO] httpx: HTTP Request: GET https://uitkbrmndylhgbbcjykd.supabase.co/rest/v1/profiles?select=%2A&id=eq.e553068b-2220-4cf8-a899-89f614797530 "HTTP/2 200 OK"
2026-01-04 14:56:13,935 [INFO] httpx: HTTP Request: GET https://uitkbrmndylhgbbcjykd.supabase.co/rest/v1/modules?select=%2A&id=eq.kpi "HTTP/2 200 OK"
2026-01-04 14:56:22,527 [INFO] httpx: HTTP Request: GET https://uitkbrmndylhgbbcjykd.supabase.co/rest/v1/modules?select=%2A&order=sort_order "HTTP/2 200 OK"
2026-01-04 15:00:57,741 [INFO] httpx: HTTP Request: GET https://uitkbrmndylhgbbcjykd.supabase.co/rest/v1/modules?select=%2A&order=sort_order "HTTP/2 200 OK"
2026-01-04 15:00:58,051 [INFO] httpx: HTTP Request: GET https://uitkbrmndylhgbbcjykd.supabase.co/rest/v1/profiles?select=%2A&id=eq.e553068b-2220-4cf8-a899-89f614797530 "HTTP/2 200 OK"
2026-01-04 15:01:13,434 [INFO] httpx: HTTP Request: GET https://uitkbrmndylhgbbcjykd.supabase.co/rest/v1/modules?select=%2A&id=eq.kpi "HTTP/2 200 OK"
2026-01-04 15:01:13,581 [INFO] httpx: HTTP Request: GET https://uitkbrmndylhgbbcjykd.supabase.co/rest/v1/modules?select=%2A&order=sort_order "HTTP/2 200 OK"
2026-01-04 15:01:13,791 [INFO] httpx: HTTP Request: GET https://uitkbrmndylhgbbcjykd.supabase.co/rest/v1/profiles?select=%2A&id=eq.e553068b-2220-4cf8-a899-89f614797530 "HTTP/2 200 OK"
2026-01-04 15:01:17,871 [INFO] httpx: HTTP Request: GET https://uitkbrmndylhgbbcjykd.supabase.co/rest/v1/modules?select=%2A&id=eq.market_price "HTTP/2 200 OK"
2026-01-04 15:01:18,275 [INFO] httpx: HTTP Request: GET https://uitkbrmndylhgbbcjykd.supabase.co/rest/v1/modules?select=%2A&order=sort_order "HTTP/2 200 OK"
2026-01-04 15:01:18,546 [INFO] httpx: HTTP Request: GET https://uitkbrmndylhgbbcjykd.supabase.co/rest/v1/profiles?select=%2A&id=eq.e553068b-2220-4cf8-a899-89f614797530 "HTTP/2 200 OK"
2026-01-04 15:01:19,652 [INFO] httpx: HTTP Request: GET https://uitkbrmndylhgbbcjykd.supabase.co/rest/v1/modules?select=%2A&id=eq.kpi "HTTP/2 200 OK"
2026-01-04 15:01:19,982 [INFO] httpx: HTTP Request: GET https://uitkbrmndylhgbbcjykd.supabase.co/rest/v1/modules?select=%2A&order=sort_order "HTTP/2 200 OK"
2026-01-04 15:01:20,539 [INFO] httpx: HTTP Request: GET https://uitkbrmndylhgbbcjykd.supabase.co/rest/v1/profiles?select=%2A&id=eq.e553068b-2220-4cf8-a899-89f614797530 "HTTP/2 200 OK"
2026-01-04 15:01:55,668 [INFO] httpx: HTTP Request: GET https://uitkbrmndylhgbbcjykd.supabase.co/rest/v1/modules?select=%2A&id=eq.kpi "HTTP/2 200 OK"
2026-01-04 15:01:55,769 [INFO] httpx: HTTP Request: GET https://uitkbrmndylhgbbcjykd.supabase.co/rest/v1/modules?select=%2A&order=sort_order "HTTP/2 200 OK"
2026-01-04 15:01:55,922 [INFO] httpx: HTTP Request: GET https://uitkbrmndylhgbbcjykd.supabase.co/rest/v1/profiles?select=%2A&id=eq.e553068b-2220-4cf8-a899-89f614797530 "HTTP/2 200 OK"
2026-01-04 15:04:36,352 [INFO] httpx: HTTP Request: GET https://uitkbrmndylhgbbcjykd.supabase.co/rest/v1/modules?select=%2A&id=eq.market_price "HTTP/2 200 OK"
2026-01-04 15:04:36,466 [INFO] httpx: HTTP Request: GET https://uitkbrmndylhgbbcjykd.supabase.co/rest/v1/modules?select=%2A&order=sort_order "HTTP/2 200 OK"
2026-01-04 15:04:36,733 [INFO] httpx: HTTP Request: GET https://uitkbrmndylhgbbcjykd.supabase.co/rest/v1/profiles?select=%2A&id=eq.e553068b-2220-4cf8-a899-89f614797530 "HTTP/2 200 OK"
2026-01-04 15:04:38,984 [INFO] httpx: HTTP Request: GET https://uitkbrmndylhgbbcjykd.supabase.co/rest/v1/modules?select=%2A&id=eq.kpi "HTTP/2 200 OK"
2026-01-04 15:04:39,081 [INFO] httpx: HTTP Request: GET https://uitkbrmndylhgbbcjykd.supabase.co/rest/v1/modules?select=%2A&order=sort_order "HTTP/2 200 OK"
2026-01-04 15:04:39,242 [INFO] httpx: HTTP Request: GET https://uitkbrmndylhgbbcjykd.supabase.co/rest/v1/profiles?select=%2A&id=eq.e553068b-2220-4cf8-a899-89f614797530 "HTTP/2 200 OK"
2026-01-04 15:04:42,092 [INFO] httpx: HTTP Request: GET https://uitkbrmndylhgbbcjykd.supabase.co/rest/v1/user_memory?select=%2A&user_id=eq.e553068b-2220-4cf8-a899-89f614797530 "HTTP/2 200 OK"
2026-01-04 15:04:42,204 [INFO] httpx: HTTP Request: GET https://uitkbrmndylhgbbcjykd.supabase.co/rest/v1/knowledge_files?select=%2A&module_id=eq.kpi&order=created_at.desc "HTTP/2 200 OK"
2026-01-04 15:04:42,305 [INFO] httpx: HTTP Request: GET https://uitkbrmndylhgbbcjykd.supabase.co/rest/v1/module_prompts?select=prompt&module_id=eq.kpi "HTTP/2 200 OK"
2026-01-04 15:04:42,307 [INFO] modules.ai_service: [CloseAI] ÊµÅÂºèËØ∑Ê±ÇÔºåÊ®°Âûã: gemini-3-flash-preview
2026-01-04 15:04:45,150 [INFO] httpx: HTTP Request: GET https://uitkbrmndylhgbbcjykd.supabase.co/rest/v1/modules?select=%2A&id=eq.market_price "HTTP/2 200 OK"
2026-01-04 15:04:45,248 [INFO] httpx: HTTP Request: GET https://uitkbrmndylhgbbcjykd.supabase.co/rest/v1/modules?select=%2A&order=sort_order "HTTP/2 200 OK"
2026-01-04 15:04:45,413 [INFO] httpx: HTTP Request: GET https://uitkbrmndylhgbbcjykd.supabase.co/rest/v1/profiles?select=%2A&id=eq.e553068b-2220-4cf8-a899-89f614797530 "HTTP/2 200 OK"
2026-01-04 15:04:51,118 [INFO] modules.ai_service: [CloseAI] ÊµÅÂºèÂìçÂ∫îÂÆåÊàê
2026-01-04 15:04:51,408 [INFO] httpx: HTTP Request: GET https://uitkbrmndylhgbbcjykd.supabase.co/rest/v1/profiles?select=%2A&id=eq.e553068b-2220-4cf8-a899-89f614797530 "HTTP/2 200 OK"
2026-01-04 15:04:51,546 [INFO] httpx: HTTP Request: PATCH https://uitkbrmndylhgbbcjykd.supabase.co/rest/v1/profiles?id=eq.e553068b-2220-4cf8-a899-89f614797530&credits=eq.1000 "HTTP/2 200 OK"
2026-01-04 15:04:51,770 [INFO] httpx: HTTP Request: GET https://uitkbrmndylhgbbcjykd.supabase.co/rest/v1/profiles?select=%2A&id=eq.e553068b-2220-4cf8-a899-89f614797530 "HTTP/2 200 OK"
2026-01-04 15:04:51,881 [INFO] httpx: HTTP Request: PATCH https://uitkbrmndylhgbbcjykd.supabase.co/rest/v1/profiles?id=eq.e553068b-2220-4cf8-a899-89f614797530&credits=eq.1000 "HTTP/2 200 OK"
2026-01-04 15:04:52,184 [INFO] httpx: HTTP Request: GET https://uitkbrmndylhgbbcjykd.supabase.co/rest/v1/profiles?select=%2A&id=eq.e553068b-2220-4cf8-a899-89f614797530 "HTTP/2 200 OK"
2026-01-04 15:04:52,315 [INFO] httpx: HTTP Request: PATCH https://uitkbrmndylhgbbcjykd.supabase.co/rest/v1/profiles?id=eq.e553068b-2220-4cf8-a899-89f614797530&credits=eq.1000 "HTTP/2 200 OK"
2026-01-04 15:06:27,670 [INFO] httpx: HTTP Request: GET https://uitkbrmndylhgbbcjykd.supabase.co/rest/v1/modules?select=%2A&order=sort_order "HTTP/2 200 OK"
2026-01-04 15:06:27,923 [INFO] httpx: HTTP Request: GET https://uitkbrmndylhgbbcjykd.supabase.co/rest/v1/profiles?select=%2A&id=eq.89a378bf-ef0a-4072-a525-05ba3af8c6da "HTTP/2 200 OK"
2026-01-04 15:06:50,737 [INFO] httpx: HTTP Request: GET https://uitkbrmndylhgbbcjykd.supabase.co/rest/v1/modules?select=%2A&id=eq.kpi "HTTP/2 200 OK"
2026-01-04 15:06:50,851 [INFO] httpx: HTTP Request: GET https://uitkbrmndylhgbbcjykd.supabase.co/rest/v1/modules?select=%2A&order=sort_order "HTTP/2 200 OK"
2026-01-04 15:06:51,237 [INFO] httpx: HTTP Request: GET https://uitkbrmndylhgbbcjykd.supabase.co/rest/v1/profiles?select=%2A&id=eq.89a378bf-ef0a-4072-a525-05ba3af8c6da "HTTP/2 200 OK"
2026-01-04 15:06:58,026 [INFO] httpx: HTTP Request: GET https://uitkbrmndylhgbbcjykd.supabase.co/rest/v1/modules?select=%2A&id=eq.organization "HTTP/2 200 OK"
2026-01-04 15:06:58,143 [INFO] httpx: HTTP Request: GET https://uitkbrmndylhgbbcjykd.supabase.co/rest/v1/modules?select=%2A&order=sort_order "HTTP/2 200 OK"
2026-01-04 15:06:58,343 [INFO] httpx: HTTP Request: GET https://uitkbrmndylhgbbcjykd.supabase.co/rest/v1/profiles?select=%2A&id=eq.89a378bf-ef0a-4072-a525-05ba3af8c6da "HTTP/2 200 OK"
2026-01-04 15:06:59,963 [INFO] httpx: HTTP Request: GET https://uitkbrmndylhgbbcjykd.supabase.co/rest/v1/modules?select=%2A&id=eq.kpi "HTTP/2 200 OK"
2026-01-04 15:07:00,083 [INFO] httpx: HTTP Request: GET https://uitkbrmndylhgbbcjykd.supabase.co/rest/v1/modules?select=%2A&order=sort_order "HTTP/2 200 OK"
2026-01-04 15:07:00,246 [INFO] httpx: HTTP Request: GET https://uitkbrmndylhgbbcjykd.supabase.co/rest/v1/profiles?select=%2A&id=eq.89a378bf-ef0a-4072-a525-05ba3af8c6da "HTTP/2 200 OK"
2026-01-04 15:08:02,565 [INFO] httpx: HTTP Request: GET https://uitkbrmndylhgbbcjykd.supabase.co/rest/v1/modules?select=%2A&id=eq.market_price "HTTP/2 200 OK"
2026-01-04 15:08:02,701 [INFO] httpx: HTTP Request: GET https://uitkbrmndylhgbbcjykd.supabase.co/rest/v1/modules?select=%2A&order=sort_order "HTTP/2 200 OK"
2026-01-04 15:08:02,916 [INFO] httpx: HTTP Request: GET https://uitkbrmndylhgbbcjykd.supabase.co/rest/v1/profiles?select=%2A&id=eq.e553068b-2220-4cf8-a899-89f614797530 "HTTP/2 200 OK"
2026-01-04 15:08:10,458 [INFO] httpx: HTTP Request: GET https://uitkbrmndylhgbbcjykd.supabase.co/rest/v1/modules?select=%2A&order=sort_order "HTTP/2 200 OK"
2026-01-04 15:08:10,598 [INFO] httpx: HTTP Request: GET https://uitkbrmndylhgbbcjykd.supabase.co/rest/v1/profiles?select=%2A&id=eq.e553068b-2220-4cf8-a899-89f614797530 "HTTP/2 200 OK"
2026-01-04 15:08:51,717 [INFO] httpx: HTTP Request: GET https://uitkbrmndylhgbbcjykd.supabase.co/rest/v1/modules?select=%2A&id=eq.kpi "HTTP/2 200 OK"
2026-01-04 15:08:51,827 [INFO] httpx: HTTP Request: GET https://uitkbrmndylhgbbcjykd.supabase.co/rest/v1/modules?select=%2A&order=sort_order "HTTP/2 200 OK"
2026-01-04 15:08:52,034 [INFO] httpx: HTTP Request: GET https://uitkbrmndylhgbbcjykd.supabase.co/rest/v1/profiles?select=%2A&id=eq.e553068b-2220-4cf8-a899-89f614797530 "HTTP/2 200 OK"
2026-01-04 15:10:04,289 [INFO] httpx: HTTP Request: GET https://uitkbrmndylhgbbcjykd.supabase.co/rest/v1/modules?select=%2A&order=sort_order "HTTP/2 200 OK"
2026-01-04 15:10:04,506 [WARNING] __main__: 404 ÈîôËØØ: http://localhost:5009/favicon.ico
2026-01-04 15:10:36,317 [INFO] httpx: HTTP Request: GET https://uitkbrmndylhgbbcjykd.supabase.co/rest/v1/modules?select=%2A&id=eq.kpi "HTTP/2 200 OK"
2026-01-04 15:10:36,445 [INFO] httpx: HTTP Request: GET https://uitkbrmndylhgbbcjykd.supabase.co/rest/v1/modules?select=%2A&order=sort_order "HTTP/2 200 OK"
2026-01-04 15:10:51,357 [INFO] httpx: HTTP Request: GET https://uitkbrmndylhgbbcjykd.supabase.co/rest/v1/modules?select=%2A&order=sort_order "HTTP/2 200 OK"
2026-01-04 15:11:17,468 [INFO] httpx: HTTP Request: GET https://uitkbrmndylhgbbcjykd.supabase.co/rest/v1/modules?select=%2A&id=eq.kpi "HTTP/2 200 OK"
2026-01-04 15:11:17,570 [INFO] httpx: HTTP Request: GET https://uitkbrmndylhgbbcjykd.supabase.co/rest/v1/modules?select=%2A&order=sort_order "HTTP/2 200 OK"
2026-01-04 15:15:21,961 [INFO] httpx: HTTP Request: GET https://uitkbrmndylhgbbcjykd.supabase.co/rest/v1/modules?select=%2A&id=eq.kpi "HTTP/2 200 OK"
2026-01-04 15:15:22,064 [INFO] httpx: HTTP Request: GET https://uitkbrmndylhgbbcjykd.supabase.co/rest/v1/modules?select=%2A&order=sort_order "HTTP/2 200 OK"
2026-01-04 15:15:22,145 [WARNING] __main__: 404 ÈîôËØØ: http://localhost:5009/favicon.ico
2026-01-04 15:16:22,333 [INFO] httpx: HTTP Request: GET https://uitkbrmndylhgbbcjykd.supabase.co/rest/v1/modules?select=%2A&id=eq.kpi "HTTP/2 200 OK"
2026-01-04 15:16:22,450 [INFO] httpx: HTTP Request: GET https://uitkbrmndylhgbbcjykd.supabase.co/rest/v1/modules?select=%2A&order=sort_order "HTTP/2 200 OK"
2026-01-04 15:16:54,066 [INFO] httpx: HTTP Request: GET https://uitkbrmndylhgbbcjykd.supabase.co/rest/v1/modules?select=%2A&order=sort_order "HTTP/2 200 OK"
2026-01-04 15:16:54,513 [INFO] httpx: HTTP Request: GET https://uitkbrmndylhgbbcjykd.supabase.co/rest/v1/profiles?select=%2A&id=eq.e553068b-2220-4cf8-a899-89f614797530 "HTTP/2 200 OK"
2026-01-04 15:16:56,371 [INFO] httpx: HTTP Request: GET https://uitkbrmndylhgbbcjykd.supabase.co/rest/v1/modules?select=%2A&id=eq.kpi "HTTP/2 200 OK"
2026-01-04 15:16:56,487 [INFO] httpx: HTTP Request: GET https://uitkbrmndylhgbbcjykd.supabase.co/rest/v1/modules?select=%2A&order=sort_order "HTTP/2 200 OK"
2026-01-04 15:16:56,720 [INFO] httpx: HTTP Request: GET https://uitkbrmndylhgbbcjykd.supabase.co/rest/v1/profiles?select=%2A&id=eq.e553068b-2220-4cf8-a899-89f614797530 "HTTP/2 200 OK"
2026-01-04 15:17:03,340 [INFO] httpx: HTTP Request: GET https://uitkbrmndylhgbbcjykd.supabase.co/rest/v1/modules?select=%2A&id=eq.strategy "HTTP/2 200 OK"
2026-01-04 15:17:03,456 [INFO] httpx: HTTP Request: GET https://uitkbrmndylhgbbcjykd.supabase.co/rest/v1/modules?select=%2A&order=sort_order "HTTP/2 200 OK"
2026-01-04 15:17:03,621 [INFO] httpx: HTTP Request: GET https://uitkbrmndylhgbbcjykd.supabase.co/rest/v1/profiles?select=%2A&id=eq.e553068b-2220-4cf8-a899-89f614797530 "HTTP/2 200 OK"
2026-01-04 15:17:03,739 [INFO] httpx: HTTP Request: GET https://uitkbrmndylhgbbcjykd.supabase.co/rest/v1/modules?select=%2A&id=eq.strategy "HTTP/2 200 OK"
2026-01-04 15:18:17,907 [INFO] httpx: HTTP Request: GET https://uitkbrmndylhgbbcjykd.supabase.co/rest/v1/modules?select=%2A&id=eq.kpi "HTTP/2 200 OK"
2026-01-04 15:18:18,050 [INFO] httpx: HTTP Request: GET https://uitkbrmndylhgbbcjykd.supabase.co/rest/v1/modules?select=%2A&order=sort_order "HTTP/2 200 OK"
2026-01-04 15:18:18,130 [WARNING] __main__: 404 ÈîôËØØ: http://localhost:5009/favicon.ico
2026-01-04 15:18:19,486 [INFO] httpx: HTTP Request: GET https://uitkbrmndylhgbbcjykd.supabase.co/rest/v1/modules?select=%2A&order=sort_order "HTTP/2 200 OK"
2026-01-04 15:18:27,624 [INFO] httpx: HTTP Request: GET https://uitkbrmndylhgbbcjykd.supabase.co/rest/v1/modules?select=%2A&id=eq.kpi "HTTP/2 200 OK"
2026-01-04 15:18:27,722 [INFO] httpx: HTTP Request: GET https://uitkbrmndylhgbbcjykd.supabase.co/rest/v1/modules?select=%2A&order=sort_order "HTTP/2 200 OK"
2026-01-04 15:18:28,764 [INFO] httpx: HTTP Request: GET https://uitkbrmndylhgbbcjykd.supabase.co/rest/v1/modules?select=%2A&order=sort_order "HTTP/2 200 OK"
2026-01-04 15:18:39,619 [INFO] httpx: HTTP Request: GET https://uitkbrmndylhgbbcjykd.supabase.co/rest/v1/modules?select=%2A&id=eq.kpi "HTTP/2 200 OK"
2026-01-04 15:18:39,727 [INFO] httpx: HTTP Request: GET https://uitkbrmndylhgbbcjykd.supabase.co/rest/v1/modules?select=%2A&order=sort_order "HTTP/2 200 OK"
2026-01-04 15:18:41,213 [INFO] httpx: HTTP Request: GET https://uitkbrmndylhgbbcjykd.supabase.co/rest/v1/modules?select=%2A&order=sort_order "HTTP/2 200 OK"
2026-01-04 15:18:55,158 [INFO] httpx: HTTP Request: POST https://uitkbrmndylhgbbcjykd.supabase.co/auth/v1/signup "HTTP/2 200 OK"
2026-01-04 15:18:55,472 [INFO] httpx: HTTP Request: PATCH https://uitkbrmndylhgbbcjykd.supabase.co/rest/v1/profiles?id=eq.a9ea7bae-6096-4ef6-9ae9-10d9fce55482 "HTTP/2 200 OK"
2026-01-04 15:18:55,576 [INFO] httpx: HTTP Request: PATCH https://uitkbrmndylhgbbcjykd.supabase.co/rest/v1/profiles?id=eq.a9ea7bae-6096-4ef6-9ae9-10d9fce55482 "HTTP/2 200 OK"
2026-01-04 15:18:55,682 [INFO] httpx: HTTP Request: POST https://uitkbrmndylhgbbcjykd.supabase.co/rest/v1/credit_logs "HTTP/2 403 Forbidden"
2026-01-04 15:18:55,882 [INFO] httpx: HTTP Request: POST https://uitkbrmndylhgbbcjykd.supabase.co/auth/v1/token?grant_type=password "HTTP/2 200 OK"
2026-01-04 15:18:56,188 [INFO] httpx: HTTP Request: GET https://uitkbrmndylhgbbcjykd.supabase.co/rest/v1/profiles?select=%2A&id=eq.a9ea7bae-6096-4ef6-9ae9-10d9fce55482 "HTTP/2 200 OK"
2026-01-04 15:18:58,919 [INFO] httpx: HTTP Request: GET https://uitkbrmndylhgbbcjykd.supabase.co/rest/v1/modules?select=%2A&id=eq.kpi "HTTP/2 200 OK"
2026-01-04 15:18:59,018 [INFO] httpx: HTTP Request: GET https://uitkbrmndylhgbbcjykd.supabase.co/rest/v1/modules?select=%2A&order=sort_order "HTTP/2 200 OK"
2026-01-04 15:18:59,145 [INFO] httpx: HTTP Request: GET https://uitkbrmndylhgbbcjykd.supabase.co/rest/v1/profiles?select=%2A&id=eq.a9ea7bae-6096-4ef6-9ae9-10d9fce55482 "HTTP/2 200 OK"
2026-01-04 15:18:59,259 [INFO] httpx: HTTP Request: GET https://uitkbrmndylhgbbcjykd.supabase.co/rest/v1/modules?select=%2A&id=eq.kpi "HTTP/2 200 OK"
2026-01-04 15:19:02,112 [INFO] httpx: HTTP Request: GET https://uitkbrmndylhgbbcjykd.supabase.co/rest/v1/user_memory?select=%2A&user_id=eq.a9ea7bae-6096-4ef6-9ae9-10d9fce55482 "HTTP/2 200 OK"
2026-01-04 15:19:02,211 [INFO] httpx: HTTP Request: GET https://uitkbrmndylhgbbcjykd.supabase.co/rest/v1/knowledge_files?select=%2A&module_id=eq.kpi&order=created_at.desc "HTTP/2 200 OK"
2026-01-04 15:19:02,320 [INFO] httpx: HTTP Request: GET https://uitkbrmndylhgbbcjykd.supabase.co/rest/v1/module_prompts?select=prompt&module_id=eq.kpi "HTTP/2 200 OK"
2026-01-04 15:19:02,321 [INFO] modules.ai_service: [CloseAI] ÊµÅÂºèËØ∑Ê±ÇÔºåÊ®°Âûã: gemini-3-pro-preview
2026-01-04 15:19:09,824 [INFO] modules.ai_service: [CloseAI] ÊµÅÂºèÂìçÂ∫îÂÆåÊàê
2026-01-04 15:19:10,097 [INFO] httpx: HTTP Request: GET https://uitkbrmndylhgbbcjykd.supabase.co/rest/v1/profiles?select=%2A&id=eq.a9ea7bae-6096-4ef6-9ae9-10d9fce55482 "HTTP/2 200 OK"
2026-01-04 15:19:10,192 [INFO] httpx: HTTP Request: PATCH https://uitkbrmndylhgbbcjykd.supabase.co/rest/v1/profiles?id=eq.a9ea7bae-6096-4ef6-9ae9-10d9fce55482&credits=eq.1000 "HTTP/2 200 OK"
2026-01-04 15:19:10,289 [INFO] httpx: HTTP Request: POST https://uitkbrmndylhgbbcjykd.supabase.co/rest/v1/credit_logs "HTTP/2 403 Forbidden"
2026-01-04 16:18:45,983 [INFO] httpx: HTTP Request: POST https://uitkbrmndylhgbbcjykd.supabase.co/auth/v1/token?grant_type=refresh_token "HTTP/2 200 OK"
2026-01-04 16:18:46,153 [INFO] httpx: HTTP Request: POST https://uitkbrmndylhgbbcjykd.supabase.co/auth/v1/token?grant_type=refresh_token "HTTP/2 200 OK"
2026-01-04 16:27:25,479 [INFO] httpx: HTTP Request: GET https://uitkbrmndylhgbbcjykd.supabase.co/rest/v1/modules?select=%2A&id=eq.kpi "HTTP/2 200 OK"
2026-01-04 16:27:25,642 [INFO] httpx: HTTP Request: GET https://uitkbrmndylhgbbcjykd.supabase.co/rest/v1/modules?select=%2A&order=sort_order "HTTP/2 200 OK"
2026-01-04 16:27:26,066 [INFO] httpx: HTTP Request: GET https://uitkbrmndylhgbbcjykd.supabase.co/rest/v1/profiles?select=%2A&id=eq.e553068b-2220-4cf8-a899-89f614797530 "HTTP/2 200 OK"
2026-01-04 17:18:37,322 [INFO] httpx: HTTP Request: POST https://uitkbrmndylhgbbcjykd.supabase.co/auth/v1/token?grant_type=refresh_token "HTTP/2 200 OK"
2026-01-04 17:18:37,472 [INFO] httpx: HTTP Request: POST https://uitkbrmndylhgbbcjykd.supabase.co/auth/v1/token?grant_type=refresh_token "HTTP/2 200 OK"
2026-01-09 16:03:08,712 [INFO] httpx: HTTP Request: GET https://uitkbrmndylhgbbcjykd.supabase.co/rest/v1/modules?select=%2A&order=sort_order "HTTP/2 200 OK"
2026-01-09 16:03:09,111 [INFO] httpx: HTTP Request: GET https://uitkbrmndylhgbbcjykd.supabase.co/rest/v1/profiles?select=%2A&id=eq.89a378bf-ef0a-4072-a525-05ba3af8c6da "HTTP/2 200 OK"
2026-01-10 02:03:30,414 [WARNING] app: 404 ÈîôËØØ: http://localhost:5009/favicon.ico
2026-01-10 09:53:05,363 [INFO] httpx: HTTP Request: GET https://uitkbrmndylhgbbcjykd.supabase.co/rest/v1/modules?select=%2A&order=sort_order "HTTP/2 200 OK"
2026-01-10 10:06:16,706 [WARNING] app: 404 ÈîôËØØ: http://localhost:5009/favicon.ico
2026-01-10 10:06:27,040 [INFO] httpx: HTTP Request: GET https://uitkbrmndylhgbbcjykd.supabase.co/rest/v1/profiles?select=%2A&order=created_at.desc "HTTP/2 200 OK"
2026-01-10 10:06:27,071 [INFO] app: Ëé∑ÂèñÂà∞ 37 Êù°‰ºöËØùËÆ∞ÂΩï
2026-01-10 10:06:27,497 [INFO] httpx: HTTP Request: GET https://uitkbrmndylhgbbcjykd.supabase.co/rest/v1/profiles?select=id%2Cemail%2Cnickname%2Ccompany%2Cposition "HTTP/2 200 OK"
2026-01-10 10:06:27,500 [INFO] app: Ëé∑ÂèñÂà∞ 60 ‰∏™Áî®Êà∑ËµÑÊñô
2026-01-10 10:06:31,408 [INFO] httpx: HTTP Request: GET https://uitkbrmndylhgbbcjykd.supabase.co/rest/v1/admin_logs?select=%2A&order=created_at.desc&limit=100 "HTTP/2 404 Not Found"
2026-01-10 10:06:34,016 [INFO] httpx: HTTP Request: GET https://uitkbrmndylhgbbcjykd.supabase.co/rest/v1/admin_users?select=%2A&is_deleted=eq.False&order=created_at.desc "HTTP/2 200 OK"
2026-01-10 10:08:33,590 [INFO] httpx: HTTP Request: GET https://uitkbrmndylhgbbcjykd.supabase.co/rest/v1/profiles?select=%2A&order=created_at.desc "HTTP/2 200 OK"
2026-01-10 10:08:33,615 [INFO] app: Ëé∑ÂèñÂà∞ 37 Êù°‰ºöËØùËÆ∞ÂΩï
2026-01-10 10:08:34,016 [INFO] httpx: HTTP Request: GET https://uitkbrmndylhgbbcjykd.supabase.co/rest/v1/profiles?select=id%2Cemail%2Cnickname%2Ccompany%2Cposition "HTTP/2 200 OK"
2026-01-10 10:08:34,019 [INFO] app: Ëé∑ÂèñÂà∞ 60 ‰∏™Áî®Êà∑ËµÑÊñô
2026-01-10 10:08:34,425 [INFO] httpx: HTTP Request: GET https://uitkbrmndylhgbbcjykd.supabase.co/rest/v1/redeem_codes?select=%2A&order=created_at.desc&limit=100 "HTTP/2 200 OK"
2026-01-10 10:08:35,985 [INFO] httpx: HTTP Request: GET https://uitkbrmndylhgbbcjykd.supabase.co/rest/v1/admin_users?select=%2A&is_deleted=eq.False&order=created_at.desc "HTTP/2 200 OK"
2026-01-10 10:08:36,546 [INFO] httpx: HTTP Request: GET https://uitkbrmndylhgbbcjykd.supabase.co/rest/v1/redeem_codes?select=%2A&order=created_at.desc&limit=100 "HTTP/2 200 OK"
2026-01-10 10:08:38,569 [INFO] httpx: HTTP Request: GET https://uitkbrmndylhgbbcjykd.supabase.co/rest/v1/admin_users?select=%2A&is_deleted=eq.False&order=created_at.desc "HTTP/2 200 OK"
2026-01-10 10:08:40,528 [INFO] httpx: HTTP Request: GET https://uitkbrmndylhgbbcjykd.supabase.co/rest/v1/admin_logs?select=%2A&order=created_at.desc&limit=100 "HTTP/2 404 Not Found"
2026-01-10 10:11:11,890 [ERROR] app: Exception on /api/admin/admins [GET]
Traceback (most recent call last):
  File "/Users/gusuping/code/kpi-design-tool/venv/lib/python3.14/site-packages/httpx/_transports/default.py", line 72, in map_httpcore_exceptions
    yield
  File "/Users/gusuping/code/kpi-design-tool/venv/lib/python3.14/site-packages/httpx/_transports/default.py", line 236, in handle_request
    resp = self._pool.handle_request(req)
  File "/Users/gusuping/code/kpi-design-tool/venv/lib/python3.14/site-packages/httpcore/_sync/connection_pool.py", line 256, in handle_request
    raise exc from None
  File "/Users/gusuping/code/kpi-design-tool/venv/lib/python3.14/site-packages/httpcore/_sync/connection_pool.py", line 236, in handle_request
    response = connection.handle_request(
        pool_request.request
    )
  File "/Users/gusuping/code/kpi-design-tool/venv/lib/python3.14/site-packages/httpcore/_sync/http_proxy.py", line 316, in handle_request
    stream = stream.start_tls(**kwargs)
  File "/Users/gusuping/code/kpi-design-tool/venv/lib/python3.14/site-packages/httpcore/_sync/http11.py", line 376, in start_tls
    return self._stream.start_tls(ssl_context, server_hostname, timeout)
           ~~~~~~~~~~~~~~~~~~~~~~^^^^^^^^^^^^^^^^^^^^^^^^^^^^^^^^^^^^^^^
  File "/Users/gusuping/code/kpi-design-tool/venv/lib/python3.14/site-packages/httpcore/_backends/sync.py", line 154, in start_tls
    with map_exceptions(exc_map):
         ~~~~~~~~~~~~~~^^^^^^^^^
  File "/opt/homebrew/Cellar/python@3.14/3.14.2/Frameworks/Python.framework/Versions/3.14/lib/python3.14/contextlib.py", line 162, in __exit__
    self.gen.throw(value)
    ~~~~~~~~~~~~~~^^^^^^^
  File "/Users/gusuping/code/kpi-design-tool/venv/lib/python3.14/site-packages/httpcore/_exceptions.py", line 14, in map_exceptions
    raise to_exc(exc) from exc
httpcore.ConnectError: [Errno 54] Connection reset by peer

The above exception was the direct cause of the following exception:

Traceback (most recent call last):
  File "/Users/gusuping/code/kpi-design-tool/modules/admin_user_service.py", line 31, in get_all_admins
    response = self.client.table('admin_users').select('*').eq('is_deleted', False).order('created_at', desc=True).execute()
  File "/Users/gusuping/code/kpi-design-tool/venv/lib/python3.14/site-packages/postgrest/_sync/request_builder.py", line 58, in execute
    r = self.session.request(
        self.http_method,
    ...<3 lines>...
        headers=self.headers,
    )
  File "/Users/gusuping/code/kpi-design-tool/venv/lib/python3.14/site-packages/httpx/_client.py", line 837, in request
    return self.send(request, auth=auth, follow_redirects=follow_redirects)
           ~~~~~~~~~^^^^^^^^^^^^^^^^^^^^^^^^^^^^^^^^^^^^^^^^^^^^^^^^^^^^^^^
  File "/Users/gusuping/code/kpi-design-tool/venv/lib/python3.14/site-packages/httpx/_client.py", line 926, in send
    response = self._send_handling_auth(
        request,
    ...<2 lines>...
        history=[],
    )
  File "/Users/gusuping/code/kpi-design-tool/venv/lib/python3.14/site-packages/httpx/_client.py", line 954, in _send_handling_auth
    response = self._send_handling_redirects(
        request,
        follow_redirects=follow_redirects,
        history=history,
    )
  File "/Users/gusuping/code/kpi-design-tool/venv/lib/python3.14/site-packages/httpx/_client.py", line 991, in _send_handling_redirects
    response = self._send_single_request(request)
  File "/Users/gusuping/code/kpi-design-tool/venv/lib/python3.14/site-packages/httpx/_client.py", line 1027, in _send_single_request
    response = transport.handle_request(request)
  File "/Users/gusuping/code/kpi-design-tool/venv/lib/python3.14/site-packages/httpx/_transports/default.py", line 235, in handle_request
    with map_httpcore_exceptions():
         ~~~~~~~~~~~~~~~~~~~~~~~^^
  File "/opt/homebrew/Cellar/python@3.14/3.14.2/Frameworks/Python.framework/Versions/3.14/lib/python3.14/contextlib.py", line 162, in __exit__
    self.gen.throw(value)
    ~~~~~~~~~~~~~~^^^^^^^
  File "/Users/gusuping/code/kpi-design-tool/venv/lib/python3.14/site-packages/httpx/_transports/default.py", line 89, in map_httpcore_exceptions
    raise mapped_exc(message) from exc
httpx.ConnectError: [Errno 54] Connection reset by peer

During handling of the above exception, another exception occurred:

Traceback (most recent call last):
  File "/Users/gusuping/code/kpi-design-tool/venv/lib/python3.14/site-packages/flask/app.py", line 2190, in wsgi_app
    response = self.full_dispatch_request()
  File "/Users/gusuping/code/kpi-design-tool/venv/lib/python3.14/site-packages/flask/app.py", line 1486, in full_dispatch_request
    rv = self.handle_user_exception(e)
  File "/Users/gusuping/code/kpi-design-tool/venv/lib/python3.14/site-packages/flask/app.py", line 1484, in full_dispatch_request
    rv = self.dispatch_request()
  File "/Users/gusuping/code/kpi-design-tool/venv/lib/python3.14/site-packages/flask/app.py", line 1469, in dispatch_request
    return self.ensure_sync(self.view_functions[rule.endpoint])(**view_args)
           ~~~~~~~~~~~~~~~~~~~~~~~~~~~~~~~~~~~~~~~~~~~~~~~~~~~~^^^^^^^^^^^^^
  File "/Users/gusuping/code/kpi-design-tool/app.py", line 1236, in admin_get_admins
    admins = admin_user_service.get_all_admins()
  File "/Users/gusuping/code/kpi-design-tool/modules/admin_user_service.py", line 34, in get_all_admins
    print(f"Ëé∑ÂèñÁÆ°ÁêÜÂëòÂàóË°®Â§±Ë¥•: {e}")
    ~~~~~^^^^^^^^^^^^^^^^^^^^^^^^^^^^
OSError: [Errno 5] Input/output error
2026-01-10 10:11:11,905 [ERROR] app: 500 ÈîôËØØ: 500 Internal Server Error: The server encountered an internal error and was unable to complete your request. Either the server is overloaded or there is an error in the application.
Traceback (most recent call last):
  File "/Users/gusuping/code/kpi-design-tool/venv/lib/python3.14/site-packages/httpx/_transports/default.py", line 72, in map_httpcore_exceptions
    yield
  File "/Users/gusuping/code/kpi-design-tool/venv/lib/python3.14/site-packages/httpx/_transports/default.py", line 236, in handle_request
    resp = self._pool.handle_request(req)
  File "/Users/gusuping/code/kpi-design-tool/venv/lib/python3.14/site-packages/httpcore/_sync/connection_pool.py", line 256, in handle_request
    raise exc from None
  File "/Users/gusuping/code/kpi-design-tool/venv/lib/python3.14/site-packages/httpcore/_sync/connection_pool.py", line 236, in handle_request
    response = connection.handle_request(
        pool_request.request
    )
  File "/Users/gusuping/code/kpi-design-tool/venv/lib/python3.14/site-packages/httpcore/_sync/http_proxy.py", line 316, in handle_request
    stream = stream.start_tls(**kwargs)
  File "/Users/gusuping/code/kpi-design-tool/venv/lib/python3.14/site-packages/httpcore/_sync/http11.py", line 376, in start_tls
    return self._stream.start_tls(ssl_context, server_hostname, timeout)
           ~~~~~~~~~~~~~~~~~~~~~~^^^^^^^^^^^^^^^^^^^^^^^^^^^^^^^^^^^^^^^
  File "/Users/gusuping/code/kpi-design-tool/venv/lib/python3.14/site-packages/httpcore/_backends/sync.py", line 154, in start_tls
    with map_exceptions(exc_map):
         ~~~~~~~~~~~~~~^^^^^^^^^
  File "/opt/homebrew/Cellar/python@3.14/3.14.2/Frameworks/Python.framework/Versions/3.14/lib/python3.14/contextlib.py", line 162, in __exit__
    self.gen.throw(value)
    ~~~~~~~~~~~~~~^^^^^^^
  File "/Users/gusuping/code/kpi-design-tool/venv/lib/python3.14/site-packages/httpcore/_exceptions.py", line 14, in map_exceptions
    raise to_exc(exc) from exc
httpcore.ConnectError: [Errno 54] Connection reset by peer

The above exception was the direct cause of the following exception:

Traceback (most recent call last):
  File "/Users/gusuping/code/kpi-design-tool/modules/admin_user_service.py", line 31, in get_all_admins
    response = self.client.table('admin_users').select('*').eq('is_deleted', False).order('created_at', desc=True).execute()
  File "/Users/gusuping/code/kpi-design-tool/venv/lib/python3.14/site-packages/postgrest/_sync/request_builder.py", line 58, in execute
    r = self.session.request(
        self.http_method,
    ...<3 lines>...
        headers=self.headers,
    )
  File "/Users/gusuping/code/kpi-design-tool/venv/lib/python3.14/site-packages/httpx/_client.py", line 837, in request
    return self.send(request, auth=auth, follow_redirects=follow_redirects)
           ~~~~~~~~~^^^^^^^^^^^^^^^^^^^^^^^^^^^^^^^^^^^^^^^^^^^^^^^^^^^^^^^
  File "/Users/gusuping/code/kpi-design-tool/venv/lib/python3.14/site-packages/httpx/_client.py", line 926, in send
    response = self._send_handling_auth(
        request,
    ...<2 lines>...
        history=[],
    )
  File "/Users/gusuping/code/kpi-design-tool/venv/lib/python3.14/site-packages/httpx/_client.py", line 954, in _send_handling_auth
    response = self._send_handling_redirects(
        request,
        follow_redirects=follow_redirects,
        history=history,
    )
  File "/Users/gusuping/code/kpi-design-tool/venv/lib/python3.14/site-packages/httpx/_client.py", line 991, in _send_handling_redirects
    response = self._send_single_request(request)
  File "/Users/gusuping/code/kpi-design-tool/venv/lib/python3.14/site-packages/httpx/_client.py", line 1027, in _send_single_request
    response = transport.handle_request(request)
  File "/Users/gusuping/code/kpi-design-tool/venv/lib/python3.14/site-packages/httpx/_transports/default.py", line 235, in handle_request
    with map_httpcore_exceptions():
         ~~~~~~~~~~~~~~~~~~~~~~~^^
  File "/opt/homebrew/Cellar/python@3.14/3.14.2/Frameworks/Python.framework/Versions/3.14/lib/python3.14/contextlib.py", line 162, in __exit__
    self.gen.throw(value)
    ~~~~~~~~~~~~~~^^^^^^^
  File "/Users/gusuping/code/kpi-design-tool/venv/lib/python3.14/site-packages/httpx/_transports/default.py", line 89, in map_httpcore_exceptions
    raise mapped_exc(message) from exc
httpx.ConnectError: [Errno 54] Connection reset by peer

During handling of the above exception, another exception occurred:

Traceback (most recent call last):
  File "/Users/gusuping/code/kpi-design-tool/venv/lib/python3.14/site-packages/flask/app.py", line 2190, in wsgi_app
    response = self.full_dispatch_request()
  File "/Users/gusuping/code/kpi-design-tool/venv/lib/python3.14/site-packages/flask/app.py", line 1486, in full_dispatch_request
    rv = self.handle_user_exception(e)
  File "/Users/gusuping/code/kpi-design-tool/venv/lib/python3.14/site-packages/flask/app.py", line 1484, in full_dispatch_request
    rv = self.dispatch_request()
  File "/Users/gusuping/code/kpi-design-tool/venv/lib/python3.14/site-packages/flask/app.py", line 1469, in dispatch_request
    return self.ensure_sync(self.view_functions[rule.endpoint])(**view_args)
           ~~~~~~~~~~~~~~~~~~~~~~~~~~~~~~~~~~~~~~~~~~~~~~~~~~~~^^^^^^^^^^^^^
  File "/Users/gusuping/code/kpi-design-tool/app.py", line 1236, in admin_get_admins
    admins = admin_user_service.get_all_admins()
  File "/Users/gusuping/code/kpi-design-tool/modules/admin_user_service.py", line 34, in get_all_admins
    print(f"Ëé∑ÂèñÁÆ°ÁêÜÂëòÂàóË°®Â§±Ë¥•: {e}")
    ~~~~~^^^^^^^^^^^^^^^^^^^^^^^^^^^^
OSError: [Errno 5] Input/output error
2026-01-10 10:11:29,106 [INFO] app: Ëé∑ÂèñÂà∞ 37 Êù°‰ºöËØùËÆ∞ÂΩï
2026-01-10 10:11:29,111 [WARNING] app: Ëé∑ÂèñÁî®Êà∑‰ø°ÊÅØÂ§±Ë¥•Ôºà‰∏çÂΩ±Âìç‰ºöËØùÂàóË°®Ôºâ: [Errno 54] Connection reset by peer
2026-01-10 10:11:32,699 [ERROR] app: Exception on /api/admin/admins [GET]
Traceback (most recent call last):
  File "/Users/gusuping/code/kpi-design-tool/venv/lib/python3.14/site-packages/httpx/_transports/default.py", line 72, in map_httpcore_exceptions
    yield
  File "/Users/gusuping/code/kpi-design-tool/venv/lib/python3.14/site-packages/httpx/_transports/default.py", line 236, in handle_request
    resp = self._pool.handle_request(req)
  File "/Users/gusuping/code/kpi-design-tool/venv/lib/python3.14/site-packages/httpcore/_sync/connection_pool.py", line 256, in handle_request
    raise exc from None
  File "/Users/gusuping/code/kpi-design-tool/venv/lib/python3.14/site-packages/httpcore/_sync/connection_pool.py", line 236, in handle_request
    response = connection.handle_request(
        pool_request.request
    )
  File "/Users/gusuping/code/kpi-design-tool/venv/lib/python3.14/site-packages/httpcore/_sync/http_proxy.py", line 316, in handle_request
    stream = stream.start_tls(**kwargs)
  File "/Users/gusuping/code/kpi-design-tool/venv/lib/python3.14/site-packages/httpcore/_sync/http11.py", line 376, in start_tls
    return self._stream.start_tls(ssl_context, server_hostname, timeout)
           ~~~~~~~~~~~~~~~~~~~~~~^^^^^^^^^^^^^^^^^^^^^^^^^^^^^^^^^^^^^^^
  File "/Users/gusuping/code/kpi-design-tool/venv/lib/python3.14/site-packages/httpcore/_backends/sync.py", line 154, in start_tls
    with map_exceptions(exc_map):
         ~~~~~~~~~~~~~~^^^^^^^^^
  File "/opt/homebrew/Cellar/python@3.14/3.14.2/Frameworks/Python.framework/Versions/3.14/lib/python3.14/contextlib.py", line 162, in __exit__
    self.gen.throw(value)
    ~~~~~~~~~~~~~~^^^^^^^
  File "/Users/gusuping/code/kpi-design-tool/venv/lib/python3.14/site-packages/httpcore/_exceptions.py", line 14, in map_exceptions
    raise to_exc(exc) from exc
httpcore.ConnectError: [Errno 54] Connection reset by peer

The above exception was the direct cause of the following exception:

Traceback (most recent call last):
  File "/Users/gusuping/code/kpi-design-tool/modules/admin_user_service.py", line 31, in get_all_admins
    response = self.client.table('admin_users').select('*').eq('is_deleted', False).order('created_at', desc=True).execute()
  File "/Users/gusuping/code/kpi-design-tool/venv/lib/python3.14/site-packages/postgrest/_sync/request_builder.py", line 58, in execute
    r = self.session.request(
        self.http_method,
    ...<3 lines>...
        headers=self.headers,
    )
  File "/Users/gusuping/code/kpi-design-tool/venv/lib/python3.14/site-packages/httpx/_client.py", line 837, in request
    return self.send(request, auth=auth, follow_redirects=follow_redirects)
           ~~~~~~~~~^^^^^^^^^^^^^^^^^^^^^^^^^^^^^^^^^^^^^^^^^^^^^^^^^^^^^^^
  File "/Users/gusuping/code/kpi-design-tool/venv/lib/python3.14/site-packages/httpx/_client.py", line 926, in send
    response = self._send_handling_auth(
        request,
    ...<2 lines>...
        history=[],
    )
  File "/Users/gusuping/code/kpi-design-tool/venv/lib/python3.14/site-packages/httpx/_client.py", line 954, in _send_handling_auth
    response = self._send_handling_redirects(
        request,
        follow_redirects=follow_redirects,
        history=history,
    )
  File "/Users/gusuping/code/kpi-design-tool/venv/lib/python3.14/site-packages/httpx/_client.py", line 991, in _send_handling_redirects
    response = self._send_single_request(request)
  File "/Users/gusuping/code/kpi-design-tool/venv/lib/python3.14/site-packages/httpx/_client.py", line 1027, in _send_single_request
    response = transport.handle_request(request)
  File "/Users/gusuping/code/kpi-design-tool/venv/lib/python3.14/site-packages/httpx/_transports/default.py", line 235, in handle_request
    with map_httpcore_exceptions():
         ~~~~~~~~~~~~~~~~~~~~~~~^^
  File "/opt/homebrew/Cellar/python@3.14/3.14.2/Frameworks/Python.framework/Versions/3.14/lib/python3.14/contextlib.py", line 162, in __exit__
    self.gen.throw(value)
    ~~~~~~~~~~~~~~^^^^^^^
  File "/Users/gusuping/code/kpi-design-tool/venv/lib/python3.14/site-packages/httpx/_transports/default.py", line 89, in map_httpcore_exceptions
    raise mapped_exc(message) from exc
httpx.ConnectError: [Errno 54] Connection reset by peer

During handling of the above exception, another exception occurred:

Traceback (most recent call last):
  File "/Users/gusuping/code/kpi-design-tool/venv/lib/python3.14/site-packages/flask/app.py", line 2190, in wsgi_app
    response = self.full_dispatch_request()
  File "/Users/gusuping/code/kpi-design-tool/venv/lib/python3.14/site-packages/flask/app.py", line 1486, in full_dispatch_request
    rv = self.handle_user_exception(e)
  File "/Users/gusuping/code/kpi-design-tool/venv/lib/python3.14/site-packages/flask/app.py", line 1484, in full_dispatch_request
    rv = self.dispatch_request()
  File "/Users/gusuping/code/kpi-design-tool/venv/lib/python3.14/site-packages/flask/app.py", line 1469, in dispatch_request
    return self.ensure_sync(self.view_functions[rule.endpoint])(**view_args)
           ~~~~~~~~~~~~~~~~~~~~~~~~~~~~~~~~~~~~~~~~~~~~~~~~~~~~^^^^^^^^^^^^^
  File "/Users/gusuping/code/kpi-design-tool/app.py", line 1236, in admin_get_admins
    admins = admin_user_service.get_all_admins()
  File "/Users/gusuping/code/kpi-design-tool/modules/admin_user_service.py", line 34, in get_all_admins
    print(f"Ëé∑ÂèñÁÆ°ÁêÜÂëòÂàóË°®Â§±Ë¥•: {e}")
    ~~~~~^^^^^^^^^^^^^^^^^^^^^^^^^^^^
OSError: [Errno 5] Input/output error
2026-01-10 10:11:32,725 [ERROR] app: 500 ÈîôËØØ: 500 Internal Server Error: The server encountered an internal error and was unable to complete your request. Either the server is overloaded or there is an error in the application.
Traceback (most recent call last):
  File "/Users/gusuping/code/kpi-design-tool/venv/lib/python3.14/site-packages/httpx/_transports/default.py", line 72, in map_httpcore_exceptions
    yield
  File "/Users/gusuping/code/kpi-design-tool/venv/lib/python3.14/site-packages/httpx/_transports/default.py", line 236, in handle_request
    resp = self._pool.handle_request(req)
  File "/Users/gusuping/code/kpi-design-tool/venv/lib/python3.14/site-packages/httpcore/_sync/connection_pool.py", line 256, in handle_request
    raise exc from None
  File "/Users/gusuping/code/kpi-design-tool/venv/lib/python3.14/site-packages/httpcore/_sync/connection_pool.py", line 236, in handle_request
    response = connection.handle_request(
        pool_request.request
    )
  File "/Users/gusuping/code/kpi-design-tool/venv/lib/python3.14/site-packages/httpcore/_sync/http_proxy.py", line 316, in handle_request
    stream = stream.start_tls(**kwargs)
  File "/Users/gusuping/code/kpi-design-tool/venv/lib/python3.14/site-packages/httpcore/_sync/http11.py", line 376, in start_tls
    return self._stream.start_tls(ssl_context, server_hostname, timeout)
           ~~~~~~~~~~~~~~~~~~~~~~^^^^^^^^^^^^^^^^^^^^^^^^^^^^^^^^^^^^^^^
  File "/Users/gusuping/code/kpi-design-tool/venv/lib/python3.14/site-packages/httpcore/_backends/sync.py", line 154, in start_tls
    with map_exceptions(exc_map):
         ~~~~~~~~~~~~~~^^^^^^^^^
  File "/opt/homebrew/Cellar/python@3.14/3.14.2/Frameworks/Python.framework/Versions/3.14/lib/python3.14/contextlib.py", line 162, in __exit__
    self.gen.throw(value)
    ~~~~~~~~~~~~~~^^^^^^^
  File "/Users/gusuping/code/kpi-design-tool/venv/lib/python3.14/site-packages/httpcore/_exceptions.py", line 14, in map_exceptions
    raise to_exc(exc) from exc
httpcore.ConnectError: [Errno 54] Connection reset by peer

The above exception was the direct cause of the following exception:

Traceback (most recent call last):
  File "/Users/gusuping/code/kpi-design-tool/modules/admin_user_service.py", line 31, in get_all_admins
    response = self.client.table('admin_users').select('*').eq('is_deleted', False).order('created_at', desc=True).execute()
  File "/Users/gusuping/code/kpi-design-tool/venv/lib/python3.14/site-packages/postgrest/_sync/request_builder.py", line 58, in execute
    r = self.session.request(
        self.http_method,
    ...<3 lines>...
        headers=self.headers,
    )
  File "/Users/gusuping/code/kpi-design-tool/venv/lib/python3.14/site-packages/httpx/_client.py", line 837, in request
    return self.send(request, auth=auth, follow_redirects=follow_redirects)
           ~~~~~~~~~^^^^^^^^^^^^^^^^^^^^^^^^^^^^^^^^^^^^^^^^^^^^^^^^^^^^^^^
  File "/Users/gusuping/code/kpi-design-tool/venv/lib/python3.14/site-packages/httpx/_client.py", line 926, in send
    response = self._send_handling_auth(
        request,
    ...<2 lines>...
        history=[],
    )
  File "/Users/gusuping/code/kpi-design-tool/venv/lib/python3.14/site-packages/httpx/_client.py", line 954, in _send_handling_auth
    response = self._send_handling_redirects(
        request,
        follow_redirects=follow_redirects,
        history=history,
    )
  File "/Users/gusuping/code/kpi-design-tool/venv/lib/python3.14/site-packages/httpx/_client.py", line 991, in _send_handling_redirects
    response = self._send_single_request(request)
  File "/Users/gusuping/code/kpi-design-tool/venv/lib/python3.14/site-packages/httpx/_client.py", line 1027, in _send_single_request
    response = transport.handle_request(request)
  File "/Users/gusuping/code/kpi-design-tool/venv/lib/python3.14/site-packages/httpx/_transports/default.py", line 235, in handle_request
    with map_httpcore_exceptions():
         ~~~~~~~~~~~~~~~~~~~~~~~^^
  File "/opt/homebrew/Cellar/python@3.14/3.14.2/Frameworks/Python.framework/Versions/3.14/lib/python3.14/contextlib.py", line 162, in __exit__
    self.gen.throw(value)
    ~~~~~~~~~~~~~~^^^^^^^
  File "/Users/gusuping/code/kpi-design-tool/venv/lib/python3.14/site-packages/httpx/_transports/default.py", line 89, in map_httpcore_exceptions
    raise mapped_exc(message) from exc
httpx.ConnectError: [Errno 54] Connection reset by peer

During handling of the above exception, another exception occurred:

Traceback (most recent call last):
  File "/Users/gusuping/code/kpi-design-tool/venv/lib/python3.14/site-packages/flask/app.py", line 2190, in wsgi_app
    response = self.full_dispatch_request()
  File "/Users/gusuping/code/kpi-design-tool/venv/lib/python3.14/site-packages/flask/app.py", line 1486, in full_dispatch_request
    rv = self.handle_user_exception(e)
  File "/Users/gusuping/code/kpi-design-tool/venv/lib/python3.14/site-packages/flask/app.py", line 1484, in full_dispatch_request
    rv = self.dispatch_request()
  File "/Users/gusuping/code/kpi-design-tool/venv/lib/python3.14/site-packages/flask/app.py", line 1469, in dispatch_request
    return self.ensure_sync(self.view_functions[rule.endpoint])(**view_args)
           ~~~~~~~~~~~~~~~~~~~~~~~~~~~~~~~~~~~~~~~~~~~~~~~~~~~~^^^^^^^^^^^^^
  File "/Users/gusuping/code/kpi-design-tool/app.py", line 1236, in admin_get_admins
    admins = admin_user_service.get_all_admins()
  File "/Users/gusuping/code/kpi-design-tool/modules/admin_user_service.py", line 34, in get_all_admins
    print(f"Ëé∑ÂèñÁÆ°ÁêÜÂëòÂàóË°®Â§±Ë¥•: {e}")
    ~~~~~^^^^^^^^^^^^^^^^^^^^^^^^^^^^
OSError: [Errno 5] Input/output error
2026-01-10 12:53:51,605 [INFO] httpx: HTTP Request: GET https://uitkbrmndylhgbbcjykd.supabase.co/rest/v1/admin_logs?select=%2A&order=created_at.desc&limit=100 "HTTP/2 404 Not Found"
2026-01-10 12:54:16,767 [INFO] httpx: HTTP Request: GET https://uitkbrmndylhgbbcjykd.supabase.co/rest/v1/profiles?select=%2A&order=created_at.desc "HTTP/2 200 OK"
2026-01-10 12:54:16,789 [INFO] app: Ëé∑ÂèñÂà∞ 37 Êù°‰ºöËØùËÆ∞ÂΩï
2026-01-10 12:54:19,097 [INFO] httpx: HTTP Request: GET https://uitkbrmndylhgbbcjykd.supabase.co/rest/v1/profiles?select=id%2Cemail%2Cnickname%2Ccompany%2Cposition "HTTP/2 200 OK"
2026-01-10 12:54:19,177 [INFO] app: Ëé∑ÂèñÂà∞ 80 ‰∏™Áî®Êà∑ËµÑÊñô
2026-01-10 12:54:29,788 [INFO] httpx: HTTP Request: GET https://uitkbrmndylhgbbcjykd.supabase.co/rest/v1/admin_users?select=%2A&is_deleted=eq.False&order=created_at.desc "HTTP/2 200 OK"
2026-01-10 12:54:35,448 [INFO] httpx: HTTP Request: GET https://uitkbrmndylhgbbcjykd.supabase.co/rest/v1/admin_logs?select=%2A&order=created_at.desc&limit=100 "HTTP/2 404 Not Found"
2026-01-10 12:55:02,424 [INFO] httpx: HTTP Request: GET https://uitkbrmndylhgbbcjykd.supabase.co/rest/v1/admin_logs?select=%2A&action_type=in.%28PROMPT_CREATE%2CPROMPT_UPDATE%2CPROMPT_DELETE%2CMODULE_CREATE%2CMODULE_DELETE%29&order=created_at.desc&limit=100 "HTTP/2 404 Not Found"
2026-01-10 12:55:06,831 [INFO] httpx: HTTP Request: GET https://uitkbrmndylhgbbcjykd.supabase.co/rest/v1/admin_logs?select=%2A&action_type=eq.REDEEM_USED&order=created_at.desc&limit=100 "HTTP/2 404 Not Found"
2026-01-10 12:55:08,333 [INFO] httpx: HTTP Request: GET https://uitkbrmndylhgbbcjykd.supabase.co/rest/v1/admin_logs?select=%2A&action_type=in.%28REDEEM_CREATE%2CCREDITS_ADD%2CREDEEM_USED%29&order=created_at.desc&limit=100 "HTTP/2 404 Not Found"
2026-01-10 12:55:09,379 [INFO] httpx: HTTP Request: GET https://uitkbrmndylhgbbcjykd.supabase.co/rest/v1/admin_logs?select=%2A&order=created_at.desc&limit=100 "HTTP/2 404 Not Found"
2026-01-10 12:55:10,963 [INFO] httpx: HTTP Request: GET https://uitkbrmndylhgbbcjykd.supabase.co/rest/v1/admin_logs?select=%2A&action_type=in.%28PROMPT_CREATE%2CPROMPT_UPDATE%2CPROMPT_DELETE%2CMODULE_CREATE%2CMODULE_DELETE%29&order=created_at.desc&limit=100 "HTTP/2 404 Not Found"
2026-01-10 12:56:52,303 [INFO] httpx: HTTP Request: GET https://uitkbrmndylhgbbcjykd.supabase.co/rest/v1/admin_logs?select=%2A&action_type=eq.REDEEM_USED&order=created_at.desc&limit=100 "HTTP/2 404 Not Found"
2026-01-10 12:56:56,602 [INFO] httpx: HTTP Request: GET https://uitkbrmndylhgbbcjykd.supabase.co/rest/v1/admin_logs?select=%2A&action_type=in.%28REDEEM_CREATE%2CCREDITS_ADD%2CREDEEM_USED%29&order=created_at.desc&limit=100 "HTTP/2 404 Not Found"
2026-01-10 12:57:06,541 [INFO] httpx: HTTP Request: GET https://uitkbrmndylhgbbcjykd.supabase.co/rest/v1/admin_logs?select=%2A&order=created_at.desc&limit=100 "HTTP/2 404 Not Found"
2026-01-10 13:03:55,755 [INFO] httpx: HTTP Request: GET https://uitkbrmndylhgbbcjykd.supabase.co/rest/v1/admin_logs?select=%2A&action_type=in.%28PROMPT_CREATE%2CPROMPT_UPDATE%2CPROMPT_DELETE%2CMODULE_CREATE%2CMODULE_DELETE%29&order=created_at.desc&limit=100 "HTTP/2 404 Not Found"
2026-01-10 13:03:56,066 [INFO] httpx: HTTP Request: GET https://uitkbrmndylhgbbcjykd.supabase.co/rest/v1/admin_logs?select=%2A&action_type=in.%28REDEEM_CREATE%2CCREDITS_ADD%2CREDEEM_USED%29&order=created_at.desc&limit=100 "HTTP/2 404 Not Found"
2026-01-10 13:03:57,885 [INFO] httpx: HTTP Request: GET https://uitkbrmndylhgbbcjykd.supabase.co/rest/v1/redeem_codes?select=%2A&order=created_at.desc&limit=100 "HTTP/2 200 OK"
2026-01-10 13:04:01,288 [INFO] httpx: HTTP Request: GET https://uitkbrmndylhgbbcjykd.supabase.co/rest/v1/admin_users?select=%2A&is_deleted=eq.False&order=created_at.desc "HTTP/2 200 OK"
2026-01-10 13:04:07,687 [INFO] httpx: HTTP Request: GET https://uitkbrmndylhgbbcjykd.supabase.co/rest/v1/admin_users?select=id&username=eq.%E8%8A%B1%E8%8A%B1&is_deleted=eq.False "HTTP/2 200 OK"
2026-01-10 13:04:07,989 [INFO] httpx: HTTP Request: POST https://uitkbrmndylhgbbcjykd.supabase.co/rest/v1/admin_users "HTTP/2 201 Created"
2026-01-10 13:04:08,259 [INFO] httpx: HTTP Request: GET https://uitkbrmndylhgbbcjykd.supabase.co/rest/v1/admin_users?select=%2A&is_deleted=eq.False&order=created_at.desc "HTTP/2 200 OK"
2026-01-10 13:04:37,762 [INFO] httpx: HTTP Request: GET https://uitkbrmndylhgbbcjykd.supabase.co/rest/v1/admin_users?select=%2A&username=eq.%E8%8A%B1%E8%8A%B1&password_hash=eq.7f0eb3550eea0a0dedf9d6cff9ae78b2&is_deleted=eq.False "HTTP/2 200 OK"
2026-01-10 13:04:38,743 [INFO] httpx: HTTP Request: GET https://uitkbrmndylhgbbcjykd.supabase.co/rest/v1/redeem_codes?select=%2A&order=created_at.desc&limit=100 "HTTP/2 200 OK"
2026-01-10 13:04:39,244 [INFO] httpx: HTTP Request: GET https://uitkbrmndylhgbbcjykd.supabase.co/rest/v1/redeem_codes?select=%2A&order=created_at.desc&limit=100 "HTTP/2 200 OK"
2026-01-10 13:07:30,285 [INFO] httpx: HTTP Request: GET https://uitkbrmndylhgbbcjykd.supabase.co/rest/v1/modules?select=%2A&order=sort_order "HTTP/2 200 OK"
2026-01-10 13:07:32,949 [INFO] httpx: HTTP Request: GET https://uitkbrmndylhgbbcjykd.supabase.co/rest/v1/redeem_codes?select=%2A&order=created_at.desc&limit=100 "HTTP/2 200 OK"
2026-01-10 13:07:51,276 [INFO] httpx: HTTP Request: GET https://uitkbrmndylhgbbcjykd.supabase.co/rest/v1/admin_logs?select=%2A&order=created_at.desc&limit=100 "HTTP/2 404 Not Found"
2026-01-10 13:12:24,132 [INFO] httpx: HTTP Request: GET https://uitkbrmndylhgbbcjykd.supabase.co/rest/v1/profiles?select=%2A&order=created_at.desc "HTTP/2 200 OK"
2026-01-10 13:12:24,157 [INFO] app: Ëé∑ÂèñÂà∞ 37 Êù°‰ºöËØùËÆ∞ÂΩï
2026-01-10 13:12:24,644 [INFO] httpx: HTTP Request: GET https://uitkbrmndylhgbbcjykd.supabase.co/rest/v1/profiles?select=id%2Cemail%2Cnickname%2Ccompany%2Cposition "HTTP/2 200 OK"
2026-01-10 13:12:24,654 [INFO] app: Ëé∑ÂèñÂà∞ 80 ‰∏™Áî®Êà∑ËµÑÊñô
2026-01-10 13:12:27,767 [INFO] httpx: HTTP Request: GET https://uitkbrmndylhgbbcjykd.supabase.co/rest/v1/modules?select=%2A&order=sort_order "HTTP/2 200 OK"
2026-01-10 13:12:29,477 [INFO] httpx: HTTP Request: GET https://uitkbrmndylhgbbcjykd.supabase.co/rest/v1/redeem_codes?select=%2A&order=created_at.desc&limit=100 "HTTP/2 200 OK"
2026-01-10 13:12:32,220 [INFO] httpx: HTTP Request: GET https://uitkbrmndylhgbbcjykd.supabase.co/rest/v1/admin_users?select=%2A&is_deleted=eq.False&order=created_at.desc "HTTP/2 200 OK"
2026-01-10 13:12:33,055 [INFO] httpx: HTTP Request: GET https://uitkbrmndylhgbbcjykd.supabase.co/rest/v1/admin_logs?select=%2A&order=created_at.desc&limit=100 "HTTP/2 200 OK"
2026-01-10 13:22:47,606 [INFO] httpx: HTTP Request: GET https://uitkbrmndylhgbbcjykd.supabase.co/rest/v1/profiles?select=%2A&order=created_at.desc "HTTP/2 200 OK"
2026-01-10 13:22:47,631 [INFO] app: Ëé∑ÂèñÂà∞ 37 Êù°‰ºöËØùËÆ∞ÂΩï
2026-01-10 13:22:47,915 [INFO] httpx: HTTP Request: GET https://uitkbrmndylhgbbcjykd.supabase.co/rest/v1/profiles?select=id%2Cemail%2Cnickname%2Ccompany%2Cposition "HTTP/2 200 OK"
2026-01-10 13:22:47,931 [INFO] app: Ëé∑ÂèñÂà∞ 80 ‰∏™Áî®Êà∑ËµÑÊñô
2026-01-10 13:33:16,367 [INFO] httpx: HTTP Request: GET https://uitkbrmndylhgbbcjykd.supabase.co/rest/v1/admin_users?select=%2A&username=eq.huo%20huo&password_hash=eq.b917f4dd70c4f47854fbc337223e1086&is_deleted=eq.False "HTTP/2 200 OK"
2026-01-10 13:33:18,399 [INFO] httpx: HTTP Request: GET https://uitkbrmndylhgbbcjykd.supabase.co/rest/v1/admin_users?select=%2A&username=eq.huohuo&password_hash=eq.b917f4dd70c4f47854fbc337223e1086&is_deleted=eq.False "HTTP/2 200 OK"
2026-01-10 13:33:23,920 [INFO] __main__: Ëé∑ÂèñÂà∞ 37 Êù°‰ºöËØùËÆ∞ÂΩï
2026-01-10 13:33:25,256 [INFO] httpx: HTTP Request: GET https://uitkbrmndylhgbbcjykd.supabase.co/rest/v1/profiles?select=id%2Cemail%2Cnickname%2Ccompany%2Cposition "HTTP/2 200 OK"
2026-01-10 13:33:25,260 [INFO] __main__: Ëé∑ÂèñÂà∞ 80 ‰∏™Áî®Êà∑ËµÑÊñô
2026-01-10 13:33:25,517 [INFO] httpx: HTTP Request: GET https://uitkbrmndylhgbbcjykd.supabase.co/rest/v1/profiles?select=%2A&order=created_at.desc "HTTP/2 200 OK"
2026-01-10 13:35:03,121 [INFO] httpx: HTTP Request: GET https://uitkbrmndylhgbbcjykd.supabase.co/rest/v1/admin_users?select=%2A&is_deleted=eq.False&order=created_at.desc "HTTP/2 200 OK"
2026-01-10 13:35:18,130 [INFO] httpx: HTTP Request: GET https://uitkbrmndylhgbbcjykd.supabase.co/rest/v1/admin_logs?select=%2A&order=created_at.desc&limit=100 "HTTP/2 200 OK"
2026-01-10 13:35:20,060 [INFO] httpx: HTTP Request: GET https://uitkbrmndylhgbbcjykd.supabase.co/rest/v1/admin_logs?select=%2A&action_type=in.%28REDEEM_CREATE%2CCREDITS_ADD%2CREDEEM_USED%29&order=created_at.desc&limit=100 "HTTP/2 200 OK"
2026-01-10 13:35:21,659 [INFO] httpx: HTTP Request: GET https://uitkbrmndylhgbbcjykd.supabase.co/rest/v1/admin_logs?select=%2A&action_type=eq.REDEEM_USED&order=created_at.desc&limit=100 "HTTP/2 200 OK"
2026-01-10 13:35:22,657 [INFO] httpx: HTTP Request: GET https://uitkbrmndylhgbbcjykd.supabase.co/rest/v1/admin_logs?select=%2A&action_type=in.%28PROMPT_CREATE%2CPROMPT_UPDATE%2CPROMPT_DELETE%2CMODULE_CREATE%2CMODULE_DELETE%29&order=created_at.desc&limit=100 "HTTP/2 200 OK"
2026-01-10 13:35:23,549 [INFO] httpx: HTTP Request: GET https://uitkbrmndylhgbbcjykd.supabase.co/rest/v1/admin_logs?select=%2A&action_type=in.%28REDEEM_CREATE%2CCREDITS_ADD%2CREDEEM_USED%29&order=created_at.desc&limit=100 "HTTP/2 200 OK"
2026-01-14 11:10:16,442 [INFO] httpx: HTTP Request: GET https://uitkbrmndylhgbbcjykd.supabase.co/rest/v1/sessions?select=id%2C%20module%2C%20status%2C%20created_at%2C%20updated_at&order=updated_at.desc&limit=1 "HTTP/2 200 OK"
2026-01-14 11:11:43,434 [INFO] httpx: HTTP Request: GET https://uitkbrmndylhgbbcjykd.supabase.co/rest/v1/admin_buttons?select=%2A "HTTP/2 404 Not Found"
2026-01-14 11:11:59,244 [INFO] httpx: HTTP Request: GET https://uitkbrmndylhgbbcjykd.supabase.co/rest/v1/admin_buttons?select=id&id=eq.user_profile "HTTP/2 404 Not Found"
2026-01-14 11:16:06,803 [INFO] httpx: HTTP Request: GET https://uitkbrmndylhgbbcjykd.supabase.co/rest/v1/admin_buttons?select=id&limit=1 "HTTP/2 404 Not Found"
2026-01-14 11:16:07,180 [INFO] httpx: HTTP Request: POST https://uitkbrmndylhgbbcjykd.supabase.co/rest/v1/admin_logs "HTTP/2 201 Created"
2026-01-14 11:16:37,686 [INFO] httpx: HTTP Request: POST https://uitkbrmndylhgbbcjykd.supabase.co/rest/v1/admin_logs "HTTP/2 201 Created"
2026-01-14 11:37:47,425 [INFO] httpx: HTTP Request: GET https://uitkbrmndylhgbbcjykd.supabase.co/rest/v1/sessions?select=id%2C%20module%2C%20status%2C%20created_at%2C%20updated_at&order=updated_at.desc&limit=1 "HTTP/2 200 OK"
2026-01-14 11:37:58,830 [INFO] httpx: HTTP Request: GET https://uitkbrmndylhgbbcjykd.supabase.co/rest/v1/sessions?select=id%2C%20module%2C%20status%2C%20created_at%2C%20updated_at&order=updated_at.desc&limit=1 "HTTP/2 200 OK"
2026-01-14 11:40:14,418 [INFO] httpx: HTTP Request: GET https://uitkbrmndylhgbbcjykd.supabase.co/rest/v1/sessions?select=id%2C%20module%2C%20status%2C%20created_at%2C%20updated_at&order=updated_at.desc&limit=1 "HTTP/2 200 OK"
2026-01-14 12:20:08,544 [INFO] httpx: HTTP Request: GET https://uitkbrmndylhgbbcjykd.supabase.co/rest/v1/modules?select=%2A&id=eq.kpi "HTTP/2 200 OK"
2026-01-14 12:20:08,669 [INFO] httpx: HTTP Request: GET https://uitkbrmndylhgbbcjykd.supabase.co/rest/v1/modules?select=%2A&order=sort_order "HTTP/2 200 OK"
2026-01-14 12:20:08,688 [ERROR] app: Exception on /chat/kpi [GET]
Traceback (most recent call last):
  File "/Users/gusuping/code/kpi-design-tool/venv/lib/python3.14/site-packages/flask/app.py", line 2190, in wsgi_app
    response = self.full_dispatch_request()
  File "/Users/gusuping/code/kpi-design-tool/venv/lib/python3.14/site-packages/flask/app.py", line 1486, in full_dispatch_request
    rv = self.handle_user_exception(e)
  File "/Users/gusuping/code/kpi-design-tool/venv/lib/python3.14/site-packages/flask/app.py", line 1484, in full_dispatch_request
    rv = self.dispatch_request()
  File "/Users/gusuping/code/kpi-design-tool/venv/lib/python3.14/site-packages/flask/app.py", line 1469, in dispatch_request
    return self.ensure_sync(self.view_functions[rule.endpoint])(**view_args)
           ~~~~~~~~~~~~~~~~~~~~~~~~~~~~~~~~~~~~~~~~~~~~~~~~~~~~^^^^^^^^^^^^^
  File "/Users/gusuping/code/kpi-design-tool/app.py", line 122, in chat
    return render_template(
        'chat.html',
    ...<4 lines>...
        all_modules=all_modules
    )
  File "/Users/gusuping/code/kpi-design-tool/venv/lib/python3.14/site-packages/flask/templating.py", line 151, in render_template
    return _render(app, template, context)
  File "/Users/gusuping/code/kpi-design-tool/venv/lib/python3.14/site-packages/flask/templating.py", line 132, in _render
    rv = template.render(context)
  File "/Users/gusuping/code/kpi-design-tool/venv/lib/python3.14/site-packages/jinja2/environment.py", line 1295, in render
    self.environment.handle_exception()
    ~~~~~~~~~~~~~~~~~~~~~~~~~~~~~~~~~^^
  File "/Users/gusuping/code/kpi-design-tool/venv/lib/python3.14/site-packages/jinja2/environment.py", line 942, in handle_exception
    raise rewrite_traceback_stack(source=source)
  File "/Users/gusuping/code/kpi-design-tool/templates/chat.html", line 2037, in top-level template code
    {% for id, info in all_modules.items() %}
    ^
  File "/Users/gusuping/code/kpi-design-tool/venv/lib/python3.14/site-packages/jinja2/utils.py", line 92, in from_obj
    if hasattr(obj, "jinja_pass_arg"):
       ~~~~~~~^^^^^^^^^^^^^^^^^^^^^^^
jinja2.exceptions.UndefinedError: 'list object' has no attribute 'items'
2026-01-14 12:20:08,692 [ERROR] __main__: 500 ÈîôËØØ: 500 Internal Server Error: The server encountered an internal error and was unable to complete your request. Either the server is overloaded or there is an error in the application.
Traceback (most recent call last):
  File "/Users/gusuping/code/kpi-design-tool/venv/lib/python3.14/site-packages/flask/app.py", line 2190, in wsgi_app
    response = self.full_dispatch_request()
  File "/Users/gusuping/code/kpi-design-tool/venv/lib/python3.14/site-packages/flask/app.py", line 1486, in full_dispatch_request
    rv = self.handle_user_exception(e)
  File "/Users/gusuping/code/kpi-design-tool/venv/lib/python3.14/site-packages/flask/app.py", line 1484, in full_dispatch_request
    rv = self.dispatch_request()
  File "/Users/gusuping/code/kpi-design-tool/venv/lib/python3.14/site-packages/flask/app.py", line 1469, in dispatch_request
    return self.ensure_sync(self.view_functions[rule.endpoint])(**view_args)
           ~~~~~~~~~~~~~~~~~~~~~~~~~~~~~~~~~~~~~~~~~~~~~~~~~~~~^^^^^^^^^^^^^
  File "/Users/gusuping/code/kpi-design-tool/app.py", line 122, in chat
    return render_template(
        'chat.html',
    ...<4 lines>...
        all_modules=all_modules
    )
  File "/Users/gusuping/code/kpi-design-tool/venv/lib/python3.14/site-packages/flask/templating.py", line 151, in render_template
    return _render(app, template, context)
  File "/Users/gusuping/code/kpi-design-tool/venv/lib/python3.14/site-packages/flask/templating.py", line 132, in _render
    rv = template.render(context)
  File "/Users/gusuping/code/kpi-design-tool/venv/lib/python3.14/site-packages/jinja2/environment.py", line 1295, in render
    self.environment.handle_exception()
    ~~~~~~~~~~~~~~~~~~~~~~~~~~~~~~~~~^^
  File "/Users/gusuping/code/kpi-design-tool/venv/lib/python3.14/site-packages/jinja2/environment.py", line 942, in handle_exception
    raise rewrite_traceback_stack(source=source)
  File "/Users/gusuping/code/kpi-design-tool/templates/chat.html", line 2037, in top-level template code
    {% for id, info in all_modules.items() %}
    ^
  File "/Users/gusuping/code/kpi-design-tool/venv/lib/python3.14/site-packages/jinja2/utils.py", line 92, in from_obj
    if hasattr(obj, "jinja_pass_arg"):
       ~~~~~~~^^^^^^^^^^^^^^^^^^^^^^^
jinja2.exceptions.UndefinedError: 'list object' has no attribute 'items'
2026-01-14 12:21:53,639 [INFO] httpx: HTTP Request: GET https://uitkbrmndylhgbbcjykd.supabase.co/rest/v1/modules?select=%2A&id=eq.kpi "HTTP/2 200 OK"
2026-01-14 12:21:53,783 [INFO] httpx: HTTP Request: GET https://uitkbrmndylhgbbcjykd.supabase.co/rest/v1/modules?select=%2A&order=sort_order "HTTP/2 200 OK"
2026-01-14 12:21:53,785 [ERROR] app: Exception on /chat/kpi [GET]
Traceback (most recent call last):
  File "/Users/gusuping/code/kpi-design-tool/venv/lib/python3.14/site-packages/flask/app.py", line 2190, in wsgi_app
    response = self.full_dispatch_request()
  File "/Users/gusuping/code/kpi-design-tool/venv/lib/python3.14/site-packages/flask/app.py", line 1486, in full_dispatch_request
    rv = self.handle_user_exception(e)
  File "/Users/gusuping/code/kpi-design-tool/venv/lib/python3.14/site-packages/flask/app.py", line 1484, in full_dispatch_request
    rv = self.dispatch_request()
  File "/Users/gusuping/code/kpi-design-tool/venv/lib/python3.14/site-packages/flask/app.py", line 1469, in dispatch_request
    return self.ensure_sync(self.view_functions[rule.endpoint])(**view_args)
           ~~~~~~~~~~~~~~~~~~~~~~~~~~~~~~~~~~~~~~~~~~~~~~~~~~~~^^^^^^^^^^^^^
  File "/Users/gusuping/code/kpi-design-tool/app.py", line 122, in chat
    return render_template(
        'chat.html',
    ...<4 lines>...
        all_modules=all_modules
    )
  File "/Users/gusuping/code/kpi-design-tool/venv/lib/python3.14/site-packages/flask/templating.py", line 151, in render_template
    return _render(app, template, context)
  File "/Users/gusuping/code/kpi-design-tool/venv/lib/python3.14/site-packages/flask/templating.py", line 132, in _render
    rv = template.render(context)
  File "/Users/gusuping/code/kpi-design-tool/venv/lib/python3.14/site-packages/jinja2/environment.py", line 1295, in render
    self.environment.handle_exception()
    ~~~~~~~~~~~~~~~~~~~~~~~~~~~~~~~~~^^
  File "/Users/gusuping/code/kpi-design-tool/venv/lib/python3.14/site-packages/jinja2/environment.py", line 942, in handle_exception
    raise rewrite_traceback_stack(source=source)
  File "/Users/gusuping/code/kpi-design-tool/templates/chat.html", line 2037, in top-level template code
    {% for m in all_modules %}
    ^
  File "/Users/gusuping/code/kpi-design-tool/venv/lib/python3.14/site-packages/jinja2/utils.py", line 92, in from_obj
    if hasattr(obj, "jinja_pass_arg"):
       ~~~~~~~^^^^^^^^^^^^^^^^^^^^^^^
jinja2.exceptions.UndefinedError: 'list object' has no attribute 'items'
2026-01-14 12:21:53,789 [ERROR] __main__: 500 ÈîôËØØ: 500 Internal Server Error: The server encountered an internal error and was unable to complete your request. Either the server is overloaded or there is an error in the application.
Traceback (most recent call last):
  File "/Users/gusuping/code/kpi-design-tool/venv/lib/python3.14/site-packages/flask/app.py", line 2190, in wsgi_app
    response = self.full_dispatch_request()
  File "/Users/gusuping/code/kpi-design-tool/venv/lib/python3.14/site-packages/flask/app.py", line 1486, in full_dispatch_request
    rv = self.handle_user_exception(e)
  File "/Users/gusuping/code/kpi-design-tool/venv/lib/python3.14/site-packages/flask/app.py", line 1484, in full_dispatch_request
    rv = self.dispatch_request()
  File "/Users/gusuping/code/kpi-design-tool/venv/lib/python3.14/site-packages/flask/app.py", line 1469, in dispatch_request
    return self.ensure_sync(self.view_functions[rule.endpoint])(**view_args)
           ~~~~~~~~~~~~~~~~~~~~~~~~~~~~~~~~~~~~~~~~~~~~~~~~~~~~^^^^^^^^^^^^^
  File "/Users/gusuping/code/kpi-design-tool/app.py", line 122, in chat
    return render_template(
        'chat.html',
    ...<4 lines>...
        all_modules=all_modules
    )
  File "/Users/gusuping/code/kpi-design-tool/venv/lib/python3.14/site-packages/flask/templating.py", line 151, in render_template
    return _render(app, template, context)
  File "/Users/gusuping/code/kpi-design-tool/venv/lib/python3.14/site-packages/flask/templating.py", line 132, in _render
    rv = template.render(context)
  File "/Users/gusuping/code/kpi-design-tool/venv/lib/python3.14/site-packages/jinja2/environment.py", line 1295, in render
    self.environment.handle_exception()
    ~~~~~~~~~~~~~~~~~~~~~~~~~~~~~~~~~^^
  File "/Users/gusuping/code/kpi-design-tool/venv/lib/python3.14/site-packages/jinja2/environment.py", line 942, in handle_exception
    raise rewrite_traceback_stack(source=source)
  File "/Users/gusuping/code/kpi-design-tool/templates/chat.html", line 2037, in top-level template code
    {% for m in all_modules %}
    ^
  File "/Users/gusuping/code/kpi-design-tool/venv/lib/python3.14/site-packages/jinja2/utils.py", line 92, in from_obj
    if hasattr(obj, "jinja_pass_arg"):
       ~~~~~~~^^^^^^^^^^^^^^^^^^^^^^^
jinja2.exceptions.UndefinedError: 'list object' has no attribute 'items'
2026-01-14 12:22:09,677 [INFO] httpx: HTTP Request: GET https://uitkbrmndylhgbbcjykd.supabase.co/rest/v1/modules?select=%2A&id=eq.kpi "HTTP/2 200 OK"
2026-01-14 12:22:09,808 [INFO] httpx: HTTP Request: GET https://uitkbrmndylhgbbcjykd.supabase.co/rest/v1/modules?select=%2A&order=sort_order "HTTP/2 200 OK"
2026-01-14 12:22:09,810 [ERROR] app: Exception on /chat/kpi [GET]
Traceback (most recent call last):
  File "/Users/gusuping/code/kpi-design-tool/venv/lib/python3.14/site-packages/flask/app.py", line 2190, in wsgi_app
    response = self.full_dispatch_request()
  File "/Users/gusuping/code/kpi-design-tool/venv/lib/python3.14/site-packages/flask/app.py", line 1486, in full_dispatch_request
    rv = self.handle_user_exception(e)
  File "/Users/gusuping/code/kpi-design-tool/venv/lib/python3.14/site-packages/flask/app.py", line 1484, in full_dispatch_request
    rv = self.dispatch_request()
  File "/Users/gusuping/code/kpi-design-tool/venv/lib/python3.14/site-packages/flask/app.py", line 1469, in dispatch_request
    return self.ensure_sync(self.view_functions[rule.endpoint])(**view_args)
           ~~~~~~~~~~~~~~~~~~~~~~~~~~~~~~~~~~~~~~~~~~~~~~~~~~~~^^^^^^^^^^^^^
  File "/Users/gusuping/code/kpi-design-tool/app.py", line 122, in chat
    return render_template(
        'chat.html',
    ...<4 lines>...
        all_modules=all_modules
    )
  File "/Users/gusuping/code/kpi-design-tool/venv/lib/python3.14/site-packages/flask/templating.py", line 151, in render_template
    return _render(app, template, context)
  File "/Users/gusuping/code/kpi-design-tool/venv/lib/python3.14/site-packages/flask/templating.py", line 132, in _render
    rv = template.render(context)
  File "/Users/gusuping/code/kpi-design-tool/venv/lib/python3.14/site-packages/jinja2/environment.py", line 1295, in render
    self.environment.handle_exception()
    ~~~~~~~~~~~~~~~~~~~~~~~~~~~~~~~~~^^
  File "/Users/gusuping/code/kpi-design-tool/venv/lib/python3.14/site-packages/jinja2/environment.py", line 942, in handle_exception
    raise rewrite_traceback_stack(source=source)
  File "/Users/gusuping/code/kpi-design-tool/templates/chat.html", line 2037, in top-level template code
    {% for m in all_modules %}
    ^
  File "/Users/gusuping/code/kpi-design-tool/venv/lib/python3.14/site-packages/jinja2/utils.py", line 92, in from_obj
    if hasattr(obj, "jinja_pass_arg"):
       ~~~~~~~^^^^^^^^^^^^^^^^^^^^^^^
jinja2.exceptions.UndefinedError: 'list object' has no attribute 'items'
2026-01-14 12:22:09,812 [ERROR] __main__: 500 ÈîôËØØ: 500 Internal Server Error: The server encountered an internal error and was unable to complete your request. Either the server is overloaded or there is an error in the application.
Traceback (most recent call last):
  File "/Users/gusuping/code/kpi-design-tool/venv/lib/python3.14/site-packages/flask/app.py", line 2190, in wsgi_app
    response = self.full_dispatch_request()
  File "/Users/gusuping/code/kpi-design-tool/venv/lib/python3.14/site-packages/flask/app.py", line 1486, in full_dispatch_request
    rv = self.handle_user_exception(e)
  File "/Users/gusuping/code/kpi-design-tool/venv/lib/python3.14/site-packages/flask/app.py", line 1484, in full_dispatch_request
    rv = self.dispatch_request()
  File "/Users/gusuping/code/kpi-design-tool/venv/lib/python3.14/site-packages/flask/app.py", line 1469, in dispatch_request
    return self.ensure_sync(self.view_functions[rule.endpoint])(**view_args)
           ~~~~~~~~~~~~~~~~~~~~~~~~~~~~~~~~~~~~~~~~~~~~~~~~~~~~^^^^^^^^^^^^^
  File "/Users/gusuping/code/kpi-design-tool/app.py", line 122, in chat
    return render_template(
        'chat.html',
    ...<4 lines>...
        all_modules=all_modules
    )
  File "/Users/gusuping/code/kpi-design-tool/venv/lib/python3.14/site-packages/flask/templating.py", line 151, in render_template
    return _render(app, template, context)
  File "/Users/gusuping/code/kpi-design-tool/venv/lib/python3.14/site-packages/flask/templating.py", line 132, in _render
    rv = template.render(context)
  File "/Users/gusuping/code/kpi-design-tool/venv/lib/python3.14/site-packages/jinja2/environment.py", line 1295, in render
    self.environment.handle_exception()
    ~~~~~~~~~~~~~~~~~~~~~~~~~~~~~~~~~^^
  File "/Users/gusuping/code/kpi-design-tool/venv/lib/python3.14/site-packages/jinja2/environment.py", line 942, in handle_exception
    raise rewrite_traceback_stack(source=source)
  File "/Users/gusuping/code/kpi-design-tool/templates/chat.html", line 2037, in top-level template code
    {% for m in all_modules %}
    ^
  File "/Users/gusuping/code/kpi-design-tool/venv/lib/python3.14/site-packages/jinja2/utils.py", line 92, in from_obj
    if hasattr(obj, "jinja_pass_arg"):
       ~~~~~~~^^^^^^^^^^^^^^^^^^^^^^^
jinja2.exceptions.UndefinedError: 'list object' has no attribute 'items'
2026-01-14 12:22:30,912 [INFO] httpx: HTTP Request: GET https://uitkbrmndylhgbbcjykd.supabase.co/rest/v1/modules?select=%2A&id=eq.kpi "HTTP/2 200 OK"
2026-01-14 12:22:31,064 [INFO] httpx: HTTP Request: GET https://uitkbrmndylhgbbcjykd.supabase.co/rest/v1/modules?select=%2A&order=sort_order "HTTP/2 200 OK"
2026-01-14 12:22:31,066 [ERROR] app: Exception on /chat/kpi [HEAD]
Traceback (most recent call last):
  File "/Users/gusuping/code/kpi-design-tool/venv/lib/python3.14/site-packages/flask/app.py", line 2190, in wsgi_app
    response = self.full_dispatch_request()
  File "/Users/gusuping/code/kpi-design-tool/venv/lib/python3.14/site-packages/flask/app.py", line 1486, in full_dispatch_request
    rv = self.handle_user_exception(e)
  File "/Users/gusuping/code/kpi-design-tool/venv/lib/python3.14/site-packages/flask/app.py", line 1484, in full_dispatch_request
    rv = self.dispatch_request()
  File "/Users/gusuping/code/kpi-design-tool/venv/lib/python3.14/site-packages/flask/app.py", line 1469, in dispatch_request
    return self.ensure_sync(self.view_functions[rule.endpoint])(**view_args)
           ~~~~~~~~~~~~~~~~~~~~~~~~~~~~~~~~~~~~~~~~~~~~~~~~~~~~^^^^^^^^^^^^^
  File "/Users/gusuping/code/kpi-design-tool/app.py", line 122, in chat
    return render_template(
        'chat.html',
    ...<4 lines>...
        all_modules=all_modules
    )
  File "/Users/gusuping/code/kpi-design-tool/venv/lib/python3.14/site-packages/flask/templating.py", line 151, in render_template
    return _render(app, template, context)
  File "/Users/gusuping/code/kpi-design-tool/venv/lib/python3.14/site-packages/flask/templating.py", line 132, in _render
    rv = template.render(context)
  File "/Users/gusuping/code/kpi-design-tool/venv/lib/python3.14/site-packages/jinja2/environment.py", line 1295, in render
    self.environment.handle_exception()
    ~~~~~~~~~~~~~~~~~~~~~~~~~~~~~~~~~^^
  File "/Users/gusuping/code/kpi-design-tool/venv/lib/python3.14/site-packages/jinja2/environment.py", line 942, in handle_exception
    raise rewrite_traceback_stack(source=source)
  File "/Users/gusuping/code/kpi-design-tool/templates/chat.html", line 2037, in top-level template code
    {% for m in all_modules %}
    ^
  File "/Users/gusuping/code/kpi-design-tool/venv/lib/python3.14/site-packages/jinja2/utils.py", line 92, in from_obj
    if hasattr(obj, "jinja_pass_arg"):
       ~~~~~~~^^^^^^^^^^^^^^^^^^^^^^^
jinja2.exceptions.UndefinedError: 'list object' has no attribute 'items'
2026-01-14 12:22:31,068 [ERROR] __main__: 500 ÈîôËØØ: 500 Internal Server Error: The server encountered an internal error and was unable to complete your request. Either the server is overloaded or there is an error in the application.
Traceback (most recent call last):
  File "/Users/gusuping/code/kpi-design-tool/venv/lib/python3.14/site-packages/flask/app.py", line 2190, in wsgi_app
    response = self.full_dispatch_request()
  File "/Users/gusuping/code/kpi-design-tool/venv/lib/python3.14/site-packages/flask/app.py", line 1486, in full_dispatch_request
    rv = self.handle_user_exception(e)
  File "/Users/gusuping/code/kpi-design-tool/venv/lib/python3.14/site-packages/flask/app.py", line 1484, in full_dispatch_request
    rv = self.dispatch_request()
  File "/Users/gusuping/code/kpi-design-tool/venv/lib/python3.14/site-packages/flask/app.py", line 1469, in dispatch_request
    return self.ensure_sync(self.view_functions[rule.endpoint])(**view_args)
           ~~~~~~~~~~~~~~~~~~~~~~~~~~~~~~~~~~~~~~~~~~~~~~~~~~~~^^^^^^^^^^^^^
  File "/Users/gusuping/code/kpi-design-tool/app.py", line 122, in chat
    return render_template(
        'chat.html',
    ...<4 lines>...
        all_modules=all_modules
    )
  File "/Users/gusuping/code/kpi-design-tool/venv/lib/python3.14/site-packages/flask/templating.py", line 151, in render_template
    return _render(app, template, context)
  File "/Users/gusuping/code/kpi-design-tool/venv/lib/python3.14/site-packages/flask/templating.py", line 132, in _render
    rv = template.render(context)
  File "/Users/gusuping/code/kpi-design-tool/venv/lib/python3.14/site-packages/jinja2/environment.py", line 1295, in render
    self.environment.handle_exception()
    ~~~~~~~~~~~~~~~~~~~~~~~~~~~~~~~~~^^
  File "/Users/gusuping/code/kpi-design-tool/venv/lib/python3.14/site-packages/jinja2/environment.py", line 942, in handle_exception
    raise rewrite_traceback_stack(source=source)
  File "/Users/gusuping/code/kpi-design-tool/templates/chat.html", line 2037, in top-level template code
    {% for m in all_modules %}
    ^
  File "/Users/gusuping/code/kpi-design-tool/venv/lib/python3.14/site-packages/jinja2/utils.py", line 92, in from_obj
    if hasattr(obj, "jinja_pass_arg"):
       ~~~~~~~^^^^^^^^^^^^^^^^^^^^^^^
jinja2.exceptions.UndefinedError: 'list object' has no attribute 'items'
2026-01-14 12:24:12,860 [INFO] httpx: HTTP Request: GET https://uitkbrmndylhgbbcjykd.supabase.co/rest/v1/modules?select=%2A&id=eq.kpi "HTTP/2 200 OK"
2026-01-14 12:24:13,010 [INFO] httpx: HTTP Request: GET https://uitkbrmndylhgbbcjykd.supabase.co/rest/v1/modules?select=%2A&order=sort_order "HTTP/2 200 OK"
2026-01-14 12:24:13,015 [ERROR] app: Exception on /chat/kpi [HEAD]
Traceback (most recent call last):
  File "/Users/gusuping/code/kpi-design-tool/venv/lib/python3.14/site-packages/flask/app.py", line 2190, in wsgi_app
    response = self.full_dispatch_request()
  File "/Users/gusuping/code/kpi-design-tool/venv/lib/python3.14/site-packages/flask/app.py", line 1486, in full_dispatch_request
    rv = self.handle_user_exception(e)
  File "/Users/gusuping/code/kpi-design-tool/venv/lib/python3.14/site-packages/flask/app.py", line 1484, in full_dispatch_request
    rv = self.dispatch_request()
  File "/Users/gusuping/code/kpi-design-tool/venv/lib/python3.14/site-packages/flask/app.py", line 1469, in dispatch_request
    return self.ensure_sync(self.view_functions[rule.endpoint])(**view_args)
           ~~~~~~~~~~~~~~~~~~~~~~~~~~~~~~~~~~~~~~~~~~~~~~~~~~~~^^^^^^^^^^^^^
  File "/Users/gusuping/code/kpi-design-tool/app.py", line 122, in chat
    return render_template(
        'chat.html',
    ...<4 lines>...
        all_modules=all_modules
    )
  File "/Users/gusuping/code/kpi-design-tool/venv/lib/python3.14/site-packages/flask/templating.py", line 151, in render_template
    return _render(app, template, context)
  File "/Users/gusuping/code/kpi-design-tool/venv/lib/python3.14/site-packages/flask/templating.py", line 132, in _render
    rv = template.render(context)
  File "/Users/gusuping/code/kpi-design-tool/venv/lib/python3.14/site-packages/jinja2/environment.py", line 1295, in render
    self.environment.handle_exception()
    ~~~~~~~~~~~~~~~~~~~~~~~~~~~~~~~~~^^
  File "/Users/gusuping/code/kpi-design-tool/venv/lib/python3.14/site-packages/jinja2/environment.py", line 942, in handle_exception
    raise rewrite_traceback_stack(source=source)
  File "/Users/gusuping/code/kpi-design-tool/templates/chat.html", line 2037, in top-level template code
    {% for m in all_modules %}
    ^
  File "/Users/gusuping/code/kpi-design-tool/venv/lib/python3.14/site-packages/jinja2/utils.py", line 92, in from_obj
    if hasattr(obj, "jinja_pass_arg"):
       ~~~~~~~^^^^^^^^^^^^^^^^^^^^^^^
jinja2.exceptions.UndefinedError: 'list object' has no attribute 'items'
2026-01-14 12:24:13,019 [ERROR] __main__: 500 ÈîôËØØ: 500 Internal Server Error: The server encountered an internal error and was unable to complete your request. Either the server is overloaded or there is an error in the application.
Traceback (most recent call last):
  File "/Users/gusuping/code/kpi-design-tool/venv/lib/python3.14/site-packages/flask/app.py", line 2190, in wsgi_app
    response = self.full_dispatch_request()
  File "/Users/gusuping/code/kpi-design-tool/venv/lib/python3.14/site-packages/flask/app.py", line 1486, in full_dispatch_request
    rv = self.handle_user_exception(e)
  File "/Users/gusuping/code/kpi-design-tool/venv/lib/python3.14/site-packages/flask/app.py", line 1484, in full_dispatch_request
    rv = self.dispatch_request()
  File "/Users/gusuping/code/kpi-design-tool/venv/lib/python3.14/site-packages/flask/app.py", line 1469, in dispatch_request
    return self.ensure_sync(self.view_functions[rule.endpoint])(**view_args)
           ~~~~~~~~~~~~~~~~~~~~~~~~~~~~~~~~~~~~~~~~~~~~~~~~~~~~^^^^^^^^^^^^^
  File "/Users/gusuping/code/kpi-design-tool/app.py", line 122, in chat
    return render_template(
        'chat.html',
    ...<4 lines>...
        all_modules=all_modules
    )
  File "/Users/gusuping/code/kpi-design-tool/venv/lib/python3.14/site-packages/flask/templating.py", line 151, in render_template
    return _render(app, template, context)
  File "/Users/gusuping/code/kpi-design-tool/venv/lib/python3.14/site-packages/flask/templating.py", line 132, in _render
    rv = template.render(context)
  File "/Users/gusuping/code/kpi-design-tool/venv/lib/python3.14/site-packages/jinja2/environment.py", line 1295, in render
    self.environment.handle_exception()
    ~~~~~~~~~~~~~~~~~~~~~~~~~~~~~~~~~^^
  File "/Users/gusuping/code/kpi-design-tool/venv/lib/python3.14/site-packages/jinja2/environment.py", line 942, in handle_exception
    raise rewrite_traceback_stack(source=source)
  File "/Users/gusuping/code/kpi-design-tool/templates/chat.html", line 2037, in top-level template code
    {% for m in all_modules %}
    ^
  File "/Users/gusuping/code/kpi-design-tool/venv/lib/python3.14/site-packages/jinja2/utils.py", line 92, in from_obj
    if hasattr(obj, "jinja_pass_arg"):
       ~~~~~~~^^^^^^^^^^^^^^^^^^^^^^^
jinja2.exceptions.UndefinedError: 'list object' has no attribute 'items'
2026-01-14 12:25:55,459 [INFO] httpx: HTTP Request: GET https://uitkbrmndylhgbbcjykd.supabase.co/rest/v1/modules?select=%2A&id=eq.kpi "HTTP/2 200 OK"
2026-01-14 12:25:55,563 [INFO] httpx: HTTP Request: GET https://uitkbrmndylhgbbcjykd.supabase.co/rest/v1/modules?select=%2A&order=sort_order "HTTP/2 200 OK"
2026-01-14 12:25:55,564 [ERROR] app: Exception on /chat/kpi [GET]
Traceback (most recent call last):
  File "/Users/gusuping/code/kpi-design-tool/venv/lib/python3.14/site-packages/flask/app.py", line 2190, in wsgi_app
    response = self.full_dispatch_request()
  File "/Users/gusuping/code/kpi-design-tool/venv/lib/python3.14/site-packages/flask/app.py", line 1486, in full_dispatch_request
    rv = self.handle_user_exception(e)
  File "/Users/gusuping/code/kpi-design-tool/venv/lib/python3.14/site-packages/flask/app.py", line 1484, in full_dispatch_request
    rv = self.dispatch_request()
  File "/Users/gusuping/code/kpi-design-tool/venv/lib/python3.14/site-packages/flask/app.py", line 1469, in dispatch_request
    return self.ensure_sync(self.view_functions[rule.endpoint])(**view_args)
           ~~~~~~~~~~~~~~~~~~~~~~~~~~~~~~~~~~~~~~~~~~~~~~~~~~~~^^^^^^^^^^^^^
  File "/Users/gusuping/code/kpi-design-tool/app.py", line 122, in chat
    return render_template(
        'chat.html',
    ...<4 lines>...
        all_modules=all_modules
    )
  File "/Users/gusuping/code/kpi-design-tool/venv/lib/python3.14/site-packages/flask/templating.py", line 151, in render_template
    return _render(app, template, context)
  File "/Users/gusuping/code/kpi-design-tool/venv/lib/python3.14/site-packages/flask/templating.py", line 132, in _render
    rv = template.render(context)
  File "/Users/gusuping/code/kpi-design-tool/venv/lib/python3.14/site-packages/jinja2/environment.py", line 1295, in render
    self.environment.handle_exception()
    ~~~~~~~~~~~~~~~~~~~~~~~~~~~~~~~~~^^
  File "/Users/gusuping/code/kpi-design-tool/venv/lib/python3.14/site-packages/jinja2/environment.py", line 942, in handle_exception
    raise rewrite_traceback_stack(source=source)
  File "/Users/gusuping/code/kpi-design-tool/templates/chat.html", line 2037, in top-level template code
    {% for m in all_modules %}
    ^
  File "/Users/gusuping/code/kpi-design-tool/venv/lib/python3.14/site-packages/jinja2/utils.py", line 92, in from_obj
    if hasattr(obj, "jinja_pass_arg"):
       ~~~~~~~^^^^^^^^^^^^^^^^^^^^^^^
jinja2.exceptions.UndefinedError: 'list object' has no attribute 'items'
2026-01-14 12:25:55,568 [ERROR] __main__: 500 ÈîôËØØ: 500 Internal Server Error: The server encountered an internal error and was unable to complete your request. Either the server is overloaded or there is an error in the application.
Traceback (most recent call last):
  File "/Users/gusuping/code/kpi-design-tool/venv/lib/python3.14/site-packages/flask/app.py", line 2190, in wsgi_app
    response = self.full_dispatch_request()
  File "/Users/gusuping/code/kpi-design-tool/venv/lib/python3.14/site-packages/flask/app.py", line 1486, in full_dispatch_request
    rv = self.handle_user_exception(e)
  File "/Users/gusuping/code/kpi-design-tool/venv/lib/python3.14/site-packages/flask/app.py", line 1484, in full_dispatch_request
    rv = self.dispatch_request()
  File "/Users/gusuping/code/kpi-design-tool/venv/lib/python3.14/site-packages/flask/app.py", line 1469, in dispatch_request
    return self.ensure_sync(self.view_functions[rule.endpoint])(**view_args)
           ~~~~~~~~~~~~~~~~~~~~~~~~~~~~~~~~~~~~~~~~~~~~~~~~~~~~^^^^^^^^^^^^^
  File "/Users/gusuping/code/kpi-design-tool/app.py", line 122, in chat
    return render_template(
        'chat.html',
    ...<4 lines>...
        all_modules=all_modules
    )
  File "/Users/gusuping/code/kpi-design-tool/venv/lib/python3.14/site-packages/flask/templating.py", line 151, in render_template
    return _render(app, template, context)
  File "/Users/gusuping/code/kpi-design-tool/venv/lib/python3.14/site-packages/flask/templating.py", line 132, in _render
    rv = template.render(context)
  File "/Users/gusuping/code/kpi-design-tool/venv/lib/python3.14/site-packages/jinja2/environment.py", line 1295, in render
    self.environment.handle_exception()
    ~~~~~~~~~~~~~~~~~~~~~~~~~~~~~~~~~^^
  File "/Users/gusuping/code/kpi-design-tool/venv/lib/python3.14/site-packages/jinja2/environment.py", line 942, in handle_exception
    raise rewrite_traceback_stack(source=source)
  File "/Users/gusuping/code/kpi-design-tool/templates/chat.html", line 2037, in top-level template code
    {% for m in all_modules %}
    ^
  File "/Users/gusuping/code/kpi-design-tool/venv/lib/python3.14/site-packages/jinja2/utils.py", line 92, in from_obj
    if hasattr(obj, "jinja_pass_arg"):
       ~~~~~~~^^^^^^^^^^^^^^^^^^^^^^^
jinja2.exceptions.UndefinedError: 'list object' has no attribute 'items'
2026-01-14 12:26:09,102 [INFO] httpx: HTTP Request: GET https://uitkbrmndylhgbbcjykd.supabase.co/rest/v1/modules?select=%2A&id=eq.kpi "HTTP/2 200 OK"
2026-01-14 12:26:09,208 [INFO] httpx: HTTP Request: GET https://uitkbrmndylhgbbcjykd.supabase.co/rest/v1/modules?select=%2A&order=sort_order "HTTP/2 200 OK"
2026-01-14 12:26:09,209 [ERROR] app: Exception on /chat/kpi [GET]
Traceback (most recent call last):
  File "/Users/gusuping/code/kpi-design-tool/venv/lib/python3.14/site-packages/flask/app.py", line 2190, in wsgi_app
    response = self.full_dispatch_request()
  File "/Users/gusuping/code/kpi-design-tool/venv/lib/python3.14/site-packages/flask/app.py", line 1486, in full_dispatch_request
    rv = self.handle_user_exception(e)
  File "/Users/gusuping/code/kpi-design-tool/venv/lib/python3.14/site-packages/flask/app.py", line 1484, in full_dispatch_request
    rv = self.dispatch_request()
  File "/Users/gusuping/code/kpi-design-tool/venv/lib/python3.14/site-packages/flask/app.py", line 1469, in dispatch_request
    return self.ensure_sync(self.view_functions[rule.endpoint])(**view_args)
           ~~~~~~~~~~~~~~~~~~~~~~~~~~~~~~~~~~~~~~~~~~~~~~~~~~~~^^^^^^^^^^^^^
  File "/Users/gusuping/code/kpi-design-tool/app.py", line 122, in chat
    return render_template(
        'chat.html',
    ...<4 lines>...
        all_modules=all_modules
    )
  File "/Users/gusuping/code/kpi-design-tool/venv/lib/python3.14/site-packages/flask/templating.py", line 151, in render_template
    return _render(app, template, context)
  File "/Users/gusuping/code/kpi-design-tool/venv/lib/python3.14/site-packages/flask/templating.py", line 132, in _render
    rv = template.render(context)
  File "/Users/gusuping/code/kpi-design-tool/venv/lib/python3.14/site-packages/jinja2/environment.py", line 1295, in render
    self.environment.handle_exception()
    ~~~~~~~~~~~~~~~~~~~~~~~~~~~~~~~~~^^
  File "/Users/gusuping/code/kpi-design-tool/venv/lib/python3.14/site-packages/jinja2/environment.py", line 942, in handle_exception
    raise rewrite_traceback_stack(source=source)
  File "/Users/gusuping/code/kpi-design-tool/templates/chat.html", line 2037, in top-level template code
    {% for m in all_modules %}
    ^
  File "/Users/gusuping/code/kpi-design-tool/venv/lib/python3.14/site-packages/jinja2/utils.py", line 92, in from_obj
    if hasattr(obj, "jinja_pass_arg"):
       ~~~~~~~^^^^^^^^^^^^^^^^^^^^^^^
jinja2.exceptions.UndefinedError: 'list object' has no attribute 'items'
2026-01-14 12:26:09,210 [ERROR] __main__: 500 ÈîôËØØ: 500 Internal Server Error: The server encountered an internal error and was unable to complete your request. Either the server is overloaded or there is an error in the application.
Traceback (most recent call last):
  File "/Users/gusuping/code/kpi-design-tool/venv/lib/python3.14/site-packages/flask/app.py", line 2190, in wsgi_app
    response = self.full_dispatch_request()
  File "/Users/gusuping/code/kpi-design-tool/venv/lib/python3.14/site-packages/flask/app.py", line 1486, in full_dispatch_request
    rv = self.handle_user_exception(e)
  File "/Users/gusuping/code/kpi-design-tool/venv/lib/python3.14/site-packages/flask/app.py", line 1484, in full_dispatch_request
    rv = self.dispatch_request()
  File "/Users/gusuping/code/kpi-design-tool/venv/lib/python3.14/site-packages/flask/app.py", line 1469, in dispatch_request
    return self.ensure_sync(self.view_functions[rule.endpoint])(**view_args)
           ~~~~~~~~~~~~~~~~~~~~~~~~~~~~~~~~~~~~~~~~~~~~~~~~~~~~^^^^^^^^^^^^^
  File "/Users/gusuping/code/kpi-design-tool/app.py", line 122, in chat
    return render_template(
        'chat.html',
    ...<4 lines>...
        all_modules=all_modules
    )
  File "/Users/gusuping/code/kpi-design-tool/venv/lib/python3.14/site-packages/flask/templating.py", line 151, in render_template
    return _render(app, template, context)
  File "/Users/gusuping/code/kpi-design-tool/venv/lib/python3.14/site-packages/flask/templating.py", line 132, in _render
    rv = template.render(context)
  File "/Users/gusuping/code/kpi-design-tool/venv/lib/python3.14/site-packages/jinja2/environment.py", line 1295, in render
    self.environment.handle_exception()
    ~~~~~~~~~~~~~~~~~~~~~~~~~~~~~~~~~^^
  File "/Users/gusuping/code/kpi-design-tool/venv/lib/python3.14/site-packages/jinja2/environment.py", line 942, in handle_exception
    raise rewrite_traceback_stack(source=source)
  File "/Users/gusuping/code/kpi-design-tool/templates/chat.html", line 2037, in top-level template code
    {% for m in all_modules %}
    ^
  File "/Users/gusuping/code/kpi-design-tool/venv/lib/python3.14/site-packages/jinja2/utils.py", line 92, in from_obj
    if hasattr(obj, "jinja_pass_arg"):
       ~~~~~~~^^^^^^^^^^^^^^^^^^^^^^^
jinja2.exceptions.UndefinedError: 'list object' has no attribute 'items'
2026-01-14 12:26:45,261 [INFO] httpx: HTTP Request: GET https://uitkbrmndylhgbbcjykd.supabase.co/rest/v1/modules?select=%2A&order=sort_order "HTTP/2 200 OK"
2026-01-14 12:30:33,040 [INFO] httpx: HTTP Request: GET https://uitkbrmndylhgbbcjykd.supabase.co/rest/v1/modules?select=%2A&id=eq.kpi "HTTP/2 200 OK"
2026-01-14 12:30:33,144 [INFO] httpx: HTTP Request: GET https://uitkbrmndylhgbbcjykd.supabase.co/rest/v1/modules?select=%2A&order=sort_order "HTTP/2 200 OK"
2026-01-14 12:30:33,147 [ERROR] app: Exception on /chat/kpi [GET]
Traceback (most recent call last):
  File "/Users/gusuping/code/kpi-design-tool/venv/lib/python3.14/site-packages/flask/app.py", line 2190, in wsgi_app
    response = self.full_dispatch_request()
  File "/Users/gusuping/code/kpi-design-tool/venv/lib/python3.14/site-packages/flask/app.py", line 1486, in full_dispatch_request
    rv = self.handle_user_exception(e)
  File "/Users/gusuping/code/kpi-design-tool/venv/lib/python3.14/site-packages/flask/app.py", line 1484, in full_dispatch_request
    rv = self.dispatch_request()
  File "/Users/gusuping/code/kpi-design-tool/venv/lib/python3.14/site-packages/flask/app.py", line 1469, in dispatch_request
    return self.ensure_sync(self.view_functions[rule.endpoint])(**view_args)
           ~~~~~~~~~~~~~~~~~~~~~~~~~~~~~~~~~~~~~~~~~~~~~~~~~~~~^^^^^^^^^^^^^
  File "/Users/gusuping/code/kpi-design-tool/app.py", line 122, in chat
    return render_template(
        'chat.html',
    ...<4 lines>...
        all_modules=all_modules
    )
  File "/Users/gusuping/code/kpi-design-tool/venv/lib/python3.14/site-packages/flask/templating.py", line 151, in render_template
    return _render(app, template, context)
  File "/Users/gusuping/code/kpi-design-tool/venv/lib/python3.14/site-packages/flask/templating.py", line 132, in _render
    rv = template.render(context)
  File "/Users/gusuping/code/kpi-design-tool/venv/lib/python3.14/site-packages/jinja2/environment.py", line 1295, in render
    self.environment.handle_exception()
    ~~~~~~~~~~~~~~~~~~~~~~~~~~~~~~~~~^^
  File "/Users/gusuping/code/kpi-design-tool/venv/lib/python3.14/site-packages/jinja2/environment.py", line 942, in handle_exception
    raise rewrite_traceback_stack(source=source)
  File "/Users/gusuping/code/kpi-design-tool/templates/chat.html", line 2037, in top-level template code
    {% for m in all_modules %}
    ^
  File "/Users/gusuping/code/kpi-design-tool/venv/lib/python3.14/site-packages/jinja2/utils.py", line 92, in from_obj
    if hasattr(obj, "jinja_pass_arg"):
       ~~~~~~~^^^^^^^^^^^^^^^^^^^^^^^
jinja2.exceptions.UndefinedError: 'list object' has no attribute 'items'
2026-01-14 12:30:33,150 [ERROR] __main__: 500 ÈîôËØØ: 500 Internal Server Error: The server encountered an internal error and was unable to complete your request. Either the server is overloaded or there is an error in the application.
Traceback (most recent call last):
  File "/Users/gusuping/code/kpi-design-tool/venv/lib/python3.14/site-packages/flask/app.py", line 2190, in wsgi_app
    response = self.full_dispatch_request()
  File "/Users/gusuping/code/kpi-design-tool/venv/lib/python3.14/site-packages/flask/app.py", line 1486, in full_dispatch_request
    rv = self.handle_user_exception(e)
  File "/Users/gusuping/code/kpi-design-tool/venv/lib/python3.14/site-packages/flask/app.py", line 1484, in full_dispatch_request
    rv = self.dispatch_request()
  File "/Users/gusuping/code/kpi-design-tool/venv/lib/python3.14/site-packages/flask/app.py", line 1469, in dispatch_request
    return self.ensure_sync(self.view_functions[rule.endpoint])(**view_args)
           ~~~~~~~~~~~~~~~~~~~~~~~~~~~~~~~~~~~~~~~~~~~~~~~~~~~~^^^^^^^^^^^^^
  File "/Users/gusuping/code/kpi-design-tool/app.py", line 122, in chat
    return render_template(
        'chat.html',
    ...<4 lines>...
        all_modules=all_modules
    )
  File "/Users/gusuping/code/kpi-design-tool/venv/lib/python3.14/site-packages/flask/templating.py", line 151, in render_template
    return _render(app, template, context)
  File "/Users/gusuping/code/kpi-design-tool/venv/lib/python3.14/site-packages/flask/templating.py", line 132, in _render
    rv = template.render(context)
  File "/Users/gusuping/code/kpi-design-tool/venv/lib/python3.14/site-packages/jinja2/environment.py", line 1295, in render
    self.environment.handle_exception()
    ~~~~~~~~~~~~~~~~~~~~~~~~~~~~~~~~~^^
  File "/Users/gusuping/code/kpi-design-tool/venv/lib/python3.14/site-packages/jinja2/environment.py", line 942, in handle_exception
    raise rewrite_traceback_stack(source=source)
  File "/Users/gusuping/code/kpi-design-tool/templates/chat.html", line 2037, in top-level template code
    {% for m in all_modules %}
    ^
  File "/Users/gusuping/code/kpi-design-tool/venv/lib/python3.14/site-packages/jinja2/utils.py", line 92, in from_obj
    if hasattr(obj, "jinja_pass_arg"):
       ~~~~~~~^^^^^^^^^^^^^^^^^^^^^^^
jinja2.exceptions.UndefinedError: 'list object' has no attribute 'items'
2026-01-14 12:33:20,588 [WARNING] werkzeug:  * Debugger is active!
2026-01-14 12:36:30,399 [INFO] httpx: HTTP Request: GET https://uitkbrmndylhgbbcjykd.supabase.co/rest/v1/modules?select=%2A&id=eq.kpi "HTTP/2 200 OK"
2026-01-14 12:36:30,521 [INFO] httpx: HTTP Request: GET https://uitkbrmndylhgbbcjykd.supabase.co/rest/v1/modules?select=%2A&order=sort_order "HTTP/2 200 OK"
2026-01-14 12:36:50,090 [INFO] httpx: HTTP Request: GET https://uitkbrmndylhgbbcjykd.supabase.co/rest/v1/modules?select=%2A&id=eq.kpi "HTTP/2 200 OK"
2026-01-14 12:36:50,206 [INFO] httpx: HTTP Request: GET https://uitkbrmndylhgbbcjykd.supabase.co/rest/v1/modules?select=%2A&order=sort_order "HTTP/2 200 OK"
2026-01-14 12:37:15,110 [INFO] httpx: HTTP Request: GET https://uitkbrmndylhgbbcjykd.supabase.co/rest/v1/modules?select=%2A&id=eq.kpi "HTTP/2 200 OK"
2026-01-14 12:37:15,232 [INFO] httpx: HTTP Request: GET https://uitkbrmndylhgbbcjykd.supabase.co/rest/v1/modules?select=%2A&order=sort_order "HTTP/2 200 OK"
2026-01-14 12:37:34,777 [INFO] httpx: HTTP Request: GET https://uitkbrmndylhgbbcjykd.supabase.co/rest/v1/modules?select=%2A&id=eq.kpi "HTTP/2 200 OK"
2026-01-14 12:37:34,888 [INFO] httpx: HTTP Request: GET https://uitkbrmndylhgbbcjykd.supabase.co/rest/v1/modules?select=%2A&order=sort_order "HTTP/2 200 OK"
2026-01-14 12:37:48,544 [INFO] httpx: HTTP Request: GET https://uitkbrmndylhgbbcjykd.supabase.co/rest/v1/modules?select=%2A&order=sort_order "HTTP/2 200 OK"
2026-01-14 12:38:06,124 [INFO] httpx: HTTP Request: GET https://uitkbrmndylhgbbcjykd.supabase.co/rest/v1/modules?select=%2A&id=eq.kpi "HTTP/2 200 OK"
2026-01-14 12:38:06,241 [INFO] httpx: HTTP Request: GET https://uitkbrmndylhgbbcjykd.supabase.co/rest/v1/modules?select=%2A&order=sort_order "HTTP/2 200 OK"
2026-01-14 12:38:24,082 [WARNING] werkzeug:  * Debugger is active!
2026-01-14 17:55:54,809 [INFO] httpx: HTTP Request: GET https://uitkbrmndylhgbbcjykd.supabase.co/rest/v1/modules?select=%2A&id=eq.kpi "HTTP/2 200 OK"
2026-01-14 17:55:55,520 [INFO] httpx: HTTP Request: POST https://uitkbrmndylhgbbcjykd.supabase.co/rest/v1/sessions "HTTP/2 201 Created"
2026-01-14 17:55:55,625 [INFO] httpx: HTTP Request: GET https://uitkbrmndylhgbbcjykd.supabase.co/rest/v1/sessions?select=%2A&id=eq.589dba36 "HTTP/2 200 OK"
2026-01-14 17:55:55,735 [INFO] httpx: HTTP Request: PATCH https://uitkbrmndylhgbbcjykd.supabase.co/rest/v1/sessions?id=eq.589dba36 "HTTP/2 200 OK"
2026-01-14 17:56:10,223 [INFO] httpx: HTTP Request: GET https://uitkbrmndylhgbbcjykd.supabase.co/rest/v1/modules?select=%2A&id=eq.kpi "HTTP/2 200 OK"
2026-01-14 17:56:10,324 [INFO] httpx: HTTP Request: GET https://uitkbrmndylhgbbcjykd.supabase.co/rest/v1/modules?select=%2A&order=sort_order "HTTP/2 200 OK"
2026-01-14 18:02:50,114 [INFO] httpx: HTTP Request: GET https://uitkbrmndylhgbbcjykd.supabase.co/rest/v1/modules?select=%2A&order=sort_order "HTTP/2 200 OK"
2026-01-14 18:02:58,669 [INFO] httpx: HTTP Request: GET https://uitkbrmndylhgbbcjykd.supabase.co/rest/v1/profiles?select=%2A&phone=eq.18810481300 "HTTP/2 200 OK"
2026-01-14 18:02:59,215 [INFO] httpx: HTTP Request: POST https://uitkbrmndylhgbbcjykd.supabase.co/auth/v1/token?grant_type=password "HTTP/2 200 OK"
2026-01-14 18:02:59,723 [INFO] httpx: HTTP Request: GET https://uitkbrmndylhgbbcjykd.supabase.co/rest/v1/profiles?select=%2A&id=eq.75b4663e-045d-4989-8cb3-750e3c7ac6af "HTTP/2 200 OK"
2026-01-14 18:45:21,475 [INFO] httpx: HTTP Request: GET https://uitkbrmndylhgbbcjykd.supabase.co/rest/v1/sessions?select=id%2C%20module%2C%20status%2C%20created_at%2C%20updated_at&order=updated_at.desc&limit=1 "HTTP/2 200 OK"
2026-01-14 18:46:19,495 [INFO] httpx: HTTP Request: GET https://uitkbrmndylhgbbcjykd.supabase.co/rest/v1/user_research_notes?select=%2A&user_email=eq.test%40example.com&order=created_at.desc "HTTP/2 404 Not Found"
2026-01-14 18:46:37,530 [INFO] httpx: HTTP Request: POST https://uitkbrmndylhgbbcjykd.supabase.co/rest/v1/user_research_notes "HTTP/2 404 Not Found"
2026-01-14 18:46:37,536 [INFO] __main__: ÂàõÂª∫Ë∞ÉÁ†îËÆ∞ÂΩïÊàêÂäü: 0b144cfd-5381-44ff-b071-d10e4975c545, Áî®Êà∑: test@example.com
2026-01-14 18:46:51,913 [INFO] httpx: HTTP Request: GET https://uitkbrmndylhgbbcjykd.supabase.co/rest/v1/user_research_notes?select=%2A&user_email=eq.test%40example.com&order=created_at.desc "HTTP/2 404 Not Found"
2026-01-14 18:47:00,286 [INFO] httpx: HTTP Request: GET https://uitkbrmndylhgbbcjykd.supabase.co/rest/v1/user_research_notes?select=%2A&user_email=eq.test%40example.com&order=created_at.desc "HTTP/2 404 Not Found"
2026-01-14 18:52:17,396 [INFO] httpx: HTTP Request: GET https://uitkbrmndylhgbbcjykd.supabase.co/rest/v1/sessions?select=id%2C%20module%2C%20status%2C%20created_at%2C%20updated_at&order=updated_at.desc&limit=1 "HTTP/2 200 OK"
